{"C:\\Project\\discordBot\\client\\src\\config.ts": {"path":"C:\\Project\\discordBot\\client\\src\\config.ts","all":false,"statementMap":{"0":{"start":{"line":1,"column":0},"end":{"line":1,"column":55}},"1":{"start":{"line":2,"column":0},"end":{"line":2,"column":53}}},"s":{"0":1,"1":1},"branchMap":{},"b":{},"fnMap":{},"f":{}}
,"C:\\Project\\discordBot\\client\\src\\index.tsx": {"path":"C:\\Project\\discordBot\\client\\src\\index.tsx","all":true,"statementMap":{"0":{"start":{"line":1,"column":0},"end":{"line":1,"column":46}},"1":{"start":{"line":2,"column":0},"end":{"line":2,"column":32}},"3":{"start":{"line":4,"column":0},"end":{"line":4,"column":61}}},"s":{"0":0,"1":0,"3":0},"branchMap":{"0":{"type":"branch","line":1,"loc":{"start":{"line":1,"column":136},"end":{"line":4,"column":-38}},"locations":[{"start":{"line":1,"column":136},"end":{"line":4,"column":-38}}]}},"b":{"0":[0]},"fnMap":{"0":{"name":"(empty-report)","decl":{"start":{"line":1,"column":136},"end":{"line":4,"column":-38}},"loc":{"start":{"line":1,"column":136},"end":{"line":4,"column":-38}},"line":1}},"f":{"0":0}}
,"C:\\Project\\discordBot\\client\\src\\components\\DropDown\\index.tsx": {"path":"C:\\Project\\discordBot\\client\\src\\components\\DropDown\\index.tsx","all":false,"statementMap":{"0":{"start":{"line":1,"column":0},"end":{"line":1,"column":52}},"1":{"start":{"line":2,"column":0},"end":{"line":2,"column":60}},"2":{"start":{"line":3,"column":0},"end":{"line":3,"column":39}},"12":{"start":{"line":13,"column":0},"end":{"line":13,"column":37}},"13":{"start":{"line":14,"column":0},"end":{"line":14,"column":68}},"14":{"start":{"line":15,"column":0},"end":{"line":15,"column":50}},"15":{"start":{"line":16,"column":0},"end":{"line":16,"column":84}},"16":{"start":{"line":17,"column":0},"end":{"line":17,"column":55}},"18":{"start":{"line":19,"column":0},"end":{"line":19,"column":19}},"19":{"start":{"line":20,"column":0},"end":{"line":20,"column":40}},"20":{"start":{"line":21,"column":0},"end":{"line":21,"column":77}},"21":{"start":{"line":22,"column":0},"end":{"line":22,"column":27}},"22":{"start":{"line":23,"column":0},"end":{"line":23,"column":7}},"23":{"start":{"line":24,"column":0},"end":{"line":24,"column":6}},"24":{"start":{"line":25,"column":0},"end":{"line":25,"column":46}},"25":{"start":{"line":26,"column":0},"end":{"line":26,"column":18}},"26":{"start":{"line":27,"column":0},"end":{"line":27,"column":51}},"27":{"start":{"line":28,"column":0},"end":{"line":28,"column":6}},"28":{"start":{"line":29,"column":0},"end":{"line":29,"column":9}},"30":{"start":{"line":31,"column":0},"end":{"line":31,"column":34}},"31":{"start":{"line":32,"column":0},"end":{"line":32,"column":27}},"32":{"start":{"line":33,"column":0},"end":{"line":33,"column":4}},"34":{"start":{"line":35,"column":0},"end":{"line":35,"column":28}},"35":{"start":{"line":36,"column":0},"end":{"line":36,"column":81}},"36":{"start":{"line":37,"column":0},"end":{"line":37,"column":25}},"37":{"start":{"line":38,"column":0},"end":{"line":38,"column":5}},"38":{"start":{"line":39,"column":0},"end":{"line":39,"column":31}},"39":{"start":{"line":40,"column":0},"end":{"line":40,"column":4}},"41":{"start":{"line":42,"column":0},"end":{"line":42,"column":53}},"42":{"start":{"line":43,"column":0},"end":{"line":43,"column":29}},"43":{"start":{"line":44,"column":0},"end":{"line":44,"column":21}},"44":{"start":{"line":45,"column":0},"end":{"line":45,"column":4}},"46":{"start":{"line":47,"column":0},"end":{"line":47,"column":52}},"47":{"start":{"line":48,"column":0},"end":{"line":48,"column":72}},"48":{"start":{"line":49,"column":0},"end":{"line":49,"column":4}},"50":{"start":{"line":51,"column":0},"end":{"line":51,"column":10}},"51":{"start":{"line":52,"column":0},"end":{"line":52,"column":19}},"52":{"start":{"line":53,"column":0},"end":{"line":53,"column":61}},"53":{"start":{"line":54,"column":0},"end":{"line":54,"column":82}},"54":{"start":{"line":55,"column":0},"end":{"line":55,"column":66}},"55":{"start":{"line":56,"column":0},"end":{"line":56,"column":23}},"56":{"start":{"line":57,"column":0},"end":{"line":57,"column":58}},"57":{"start":{"line":58,"column":0},"end":{"line":58,"column":56}},"58":{"start":{"line":59,"column":0},"end":{"line":59,"column":18}},"60":{"start":{"line":61,"column":0},"end":{"line":61,"column":38}},"61":{"start":{"line":62,"column":0},"end":{"line":62,"column":56}},"62":{"start":{"line":63,"column":0},"end":{"line":63,"column":18}},"64":{"start":{"line":65,"column":0},"end":{"line":65,"column":14}},"65":{"start":{"line":66,"column":0},"end":{"line":66,"column":22}},"66":{"start":{"line":67,"column":0},"end":{"line":67,"column":41}},"67":{"start":{"line":68,"column":0},"end":{"line":68,"column":61}},"68":{"start":{"line":69,"column":0},"end":{"line":69,"column":57}},"69":{"start":{"line":70,"column":0},"end":{"line":70,"column":20}},"70":{"start":{"line":71,"column":0},"end":{"line":71,"column":53}},"71":{"start":{"line":72,"column":0},"end":{"line":72,"column":36}},"72":{"start":{"line":73,"column":0},"end":{"line":73,"column":85}},"74":{"start":{"line":75,"column":0},"end":{"line":75,"column":39}},"75":{"start":{"line":76,"column":0},"end":{"line":76,"column":22}},"76":{"start":{"line":77,"column":0},"end":{"line":77,"column":16}},"78":{"start":{"line":79,"column":0},"end":{"line":79,"column":53}},"79":{"start":{"line":80,"column":0},"end":{"line":80,"column":30}},"80":{"start":{"line":81,"column":0},"end":{"line":81,"column":20}},"82":{"start":{"line":83,"column":0},"end":{"line":83,"column":16}},"84":{"start":{"line":85,"column":0},"end":{"line":85,"column":12}},"85":{"start":{"line":86,"column":0},"end":{"line":86,"column":20}},"87":{"start":{"line":88,"column":0},"end":{"line":88,"column":2}},"89":{"start":{"line":90,"column":0},"end":{"line":90,"column":24}}},"s":{"0":1,"1":1,"2":1,"12":1,"13":4,"14":4,"15":4,"16":4,"18":4,"19":4,"20":0,"21":0,"22":0,"23":0,"24":4,"25":4,"26":4,"27":4,"28":4,"30":4,"31":0,"32":0,"34":4,"35":4,"36":4,"37":4,"38":0,"39":4,"41":4,"42":0,"43":0,"44":0,"46":4,"47":0,"48":0,"50":4,"51":4,"52":4,"53":4,"54":4,"55":4,"56":0,"57":0,"58":0,"60":4,"61":4,"62":4,"64":4,"65":4,"66":0,"67":0,"68":0,"69":0,"70":0,"71":0,"72":0,"74":0,"75":0,"76":0,"78":0,"79":0,"80":0,"82":0,"84":4,"85":4,"87":4,"89":1},"branchMap":{"0":{"type":"branch","line":13,"loc":{"start":{"line":13,"column":17},"end":{"line":88,"column":2}},"locations":[{"start":{"line":13,"column":17},"end":{"line":88,"column":2}}]},"1":{"type":"branch","line":56,"loc":{"start":{"line":56,"column":11},"end":{"line":59,"column":18}},"locations":[{"start":{"line":56,"column":11},"end":{"line":59,"column":18}}]},"2":{"type":"branch","line":66,"loc":{"start":{"line":66,"column":9},"end":{"line":83,"column":16}},"locations":[{"start":{"line":66,"column":9},"end":{"line":83,"column":16}}]},"3":{"type":"branch","line":19,"loc":{"start":{"line":19,"column":12},"end":{"line":29,"column":5}},"locations":[{"start":{"line":19,"column":12},"end":{"line":29,"column":5}}]},"4":{"type":"branch","line":26,"loc":{"start":{"line":26,"column":11},"end":{"line":28,"column":6}},"locations":[{"start":{"line":26,"column":11},"end":{"line":28,"column":6}}]},"5":{"type":"branch","line":35,"loc":{"start":{"line":35,"column":21},"end":{"line":40,"column":4}},"locations":[{"start":{"line":35,"column":21},"end":{"line":40,"column":4}}]},"6":{"type":"branch","line":36,"loc":{"start":{"line":36,"column":9},"end":{"line":36,"column":56}},"locations":[{"start":{"line":36,"column":9},"end":{"line":36,"column":56}}]},"7":{"type":"branch","line":36,"loc":{"start":{"line":36,"column":50},"end":{"line":36,"column":80}},"locations":[{"start":{"line":36,"column":50},"end":{"line":36,"column":80}}]},"8":{"type":"branch","line":38,"loc":{"start":{"line":38,"column":4},"end":{"line":39,"column":31}},"locations":[{"start":{"line":38,"column":4},"end":{"line":39,"column":31}}]}},"b":{"0":[4],"1":[0],"2":[0],"3":[4],"4":[4],"5":[4],"6":[0],"7":[0],"8":[0]},"fnMap":{"0":{"name":"Dropdown","decl":{"start":{"line":13,"column":17},"end":{"line":88,"column":2}},"loc":{"start":{"line":13,"column":17},"end":{"line":88,"column":2}},"line":13},"1":{"name":"handler","decl":{"start":{"line":20,"column":20},"end":{"line":24,"column":6}},"loc":{"start":{"line":20,"column":20},"end":{"line":24,"column":6}},"line":20},"2":{"name":"handleInputClick","decl":{"start":{"line":31,"column":27},"end":{"line":33,"column":4}},"loc":{"start":{"line":31,"column":27},"end":{"line":33,"column":4}},"line":31},"3":{"name":"getDisplay","decl":{"start":{"line":35,"column":21},"end":{"line":40,"column":4}},"loc":{"start":{"line":35,"column":21},"end":{"line":40,"column":4}},"line":35},"4":{"name":"onItemClick","decl":{"start":{"line":42,"column":22},"end":{"line":45,"column":4}},"loc":{"start":{"line":42,"column":22},"end":{"line":45,"column":4}},"line":42},"5":{"name":"isSelected","decl":{"start":{"line":47,"column":21},"end":{"line":49,"column":4}},"loc":{"start":{"line":47,"column":21},"end":{"line":49,"column":4}},"line":47}},"f":{"0":4,"1":0,"2":0,"3":4,"4":0,"5":0}}
,"C:\\Project\\discordBot\\client\\src\\components\\DropDown\\style.ts": {"path":"C:\\Project\\discordBot\\client\\src\\components\\DropDown\\style.ts","all":false,"statementMap":{"0":{"start":{"line":1,"column":0},"end":{"line":1,"column":39}},"2":{"start":{"line":3,"column":0},"end":{"line":3,"column":40}},"6":{"start":{"line":7,"column":0},"end":{"line":7,"column":45}},"12":{"start":{"line":13,"column":0},"end":{"line":13,"column":59}},"32":{"start":{"line":33,"column":0},"end":{"line":33,"column":70}},"39":{"start":{"line":40,"column":0},"end":{"line":40,"column":71}},"42":{"start":{"line":43,"column":0},"end":{"line":43,"column":74}}},"s":{"0":1,"2":1,"6":1,"12":1,"32":1,"39":1,"42":1},"branchMap":{"0":{"type":"branch","line":7,"loc":{"start":{"line":7,"column":11},"end":{"line":7,"column":43}},"locations":[{"start":{"line":7,"column":11},"end":{"line":7,"column":43}}]},"1":{"type":"branch","line":13,"loc":{"start":{"line":13,"column":26},"end":{"line":13,"column":57}},"locations":[{"start":{"line":13,"column":26},"end":{"line":13,"column":57}}]},"2":{"type":"branch","line":33,"loc":{"start":{"line":33,"column":26},"end":{"line":33,"column":68}},"locations":[{"start":{"line":33,"column":26},"end":{"line":33,"column":68}}]},"3":{"type":"branch","line":40,"loc":{"start":{"line":40,"column":26},"end":{"line":40,"column":69}},"locations":[{"start":{"line":40,"column":26},"end":{"line":40,"column":69}}]},"4":{"type":"branch","line":43,"loc":{"start":{"line":43,"column":26},"end":{"line":43,"column":72}},"locations":[{"start":{"line":43,"column":26},"end":{"line":43,"column":72}}]}},"b":{"0":[4],"1":[4],"2":[4],"3":[4],"4":[4]},"fnMap":{},"f":{}}
,"C:\\Project\\discordBot\\client\\src\\components\\Footer\\index.tsx": {"path":"C:\\Project\\discordBot\\client\\src\\components\\Footer\\index.tsx","all":true,"statementMap":{"0":{"start":{"line":1,"column":0},"end":{"line":1,"column":56}},"2":{"start":{"line":3,"column":0},"end":{"line":3,"column":22}},"3":{"start":{"line":4,"column":0},"end":{"line":4,"column":47}},"5":{"start":{"line":6,"column":0},"end":{"line":6,"column":10}},"6":{"start":{"line":7,"column":0},"end":{"line":7,"column":17}},"7":{"start":{"line":8,"column":0},"end":{"line":8,"column":43}},"8":{"start":{"line":9,"column":0},"end":{"line":9,"column":86}},"9":{"start":{"line":10,"column":0},"end":{"line":10,"column":12}},"10":{"start":{"line":11,"column":0},"end":{"line":11,"column":18}},"12":{"start":{"line":13,"column":0},"end":{"line":13,"column":2}},"14":{"start":{"line":15,"column":0},"end":{"line":15,"column":22}}},"s":{"0":0,"2":0,"3":0,"5":0,"6":0,"7":0,"8":0,"9":0,"10":0,"12":0,"14":0},"branchMap":{"0":{"type":"branch","line":1,"loc":{"start":{"line":1,"column":219},"end":{"line":15,"column":-193}},"locations":[{"start":{"line":1,"column":219},"end":{"line":15,"column":-193}}]}},"b":{"0":[0]},"fnMap":{"0":{"name":"(empty-report)","decl":{"start":{"line":1,"column":219},"end":{"line":15,"column":-193}},"loc":{"start":{"line":1,"column":219},"end":{"line":15,"column":-193}},"line":1}},"f":{"0":0}}
,"C:\\Project\\discordBot\\client\\src\\components\\Footer\\style.ts": {"path":"C:\\Project\\discordBot\\client\\src\\components\\Footer\\style.ts","all":true,"statementMap":{"0":{"start":{"line":1,"column":0},"end":{"line":1,"column":39}},"2":{"start":{"line":3,"column":0},"end":{"line":3,"column":41}},"3":{"start":{"line":4,"column":0},"end":{"line":4,"column":45}}},"s":{"0":0,"2":0,"3":0},"branchMap":{"0":{"type":"branch","line":1,"loc":{"start":{"line":1,"column":135},"end":{"line":5,"column":2}},"locations":[{"start":{"line":1,"column":135},"end":{"line":5,"column":2}}]}},"b":{"0":[0]},"fnMap":{"0":{"name":"(empty-report)","decl":{"start":{"line":1,"column":135},"end":{"line":5,"column":2}},"loc":{"start":{"line":1,"column":135},"end":{"line":5,"column":2}},"line":1}},"f":{"0":0}}
,"C:\\Project\\discordBot\\client\\src\\components\\Header\\index.tsx": {"path":"C:\\Project\\discordBot\\client\\src\\components\\Header\\index.tsx","all":true,"statementMap":{"0":{"start":{"line":1,"column":0},"end":{"line":1,"column":38}},"1":{"start":{"line":2,"column":0},"end":{"line":2,"column":53}},"2":{"start":{"line":3,"column":0},"end":{"line":3,"column":42}},"3":{"start":{"line":4,"column":0},"end":{"line":4,"column":47}},"4":{"start":{"line":5,"column":0},"end":{"line":5,"column":37}},"6":{"start":{"line":7,"column":0},"end":{"line":7,"column":22}},"7":{"start":{"line":8,"column":0},"end":{"line":8,"column":33}},"9":{"start":{"line":10,"column":0},"end":{"line":10,"column":10}},"10":{"start":{"line":11,"column":0},"end":{"line":11,"column":17}},"11":{"start":{"line":12,"column":0},"end":{"line":12,"column":35}},"12":{"start":{"line":13,"column":0},"end":{"line":13,"column":29}},"13":{"start":{"line":14,"column":0},"end":{"line":14,"column":34}},"14":{"start":{"line":15,"column":0},"end":{"line":15,"column":25}},"15":{"start":{"line":16,"column":0},"end":{"line":16,"column":66}},"16":{"start":{"line":17,"column":0},"end":{"line":17,"column":19}},"17":{"start":{"line":18,"column":0},"end":{"line":18,"column":25}},"18":{"start":{"line":19,"column":0},"end":{"line":19,"column":59}},"19":{"start":{"line":20,"column":0},"end":{"line":20,"column":19}},"20":{"start":{"line":21,"column":0},"end":{"line":21,"column":16}},"21":{"start":{"line":22,"column":0},"end":{"line":22,"column":50}},"22":{"start":{"line":23,"column":0},"end":{"line":23,"column":20}},"23":{"start":{"line":24,"column":0},"end":{"line":24,"column":55}},"24":{"start":{"line":25,"column":0},"end":{"line":25,"column":31}},"25":{"start":{"line":26,"column":0},"end":{"line":26,"column":66}},"26":{"start":{"line":27,"column":0},"end":{"line":27,"column":24}},"27":{"start":{"line":28,"column":0},"end":{"line":28,"column":63}},"28":{"start":{"line":29,"column":0},"end":{"line":29,"column":97}},"29":{"start":{"line":30,"column":0},"end":{"line":30,"column":34}},"30":{"start":{"line":31,"column":0},"end":{"line":31,"column":27}},"31":{"start":{"line":32,"column":0},"end":{"line":32,"column":23}},"33":{"start":{"line":34,"column":0},"end":{"line":34,"column":17}},"34":{"start":{"line":35,"column":0},"end":{"line":35,"column":15}},"35":{"start":{"line":36,"column":0},"end":{"line":36,"column":14}},"36":{"start":{"line":37,"column":0},"end":{"line":37,"column":12}},"37":{"start":{"line":38,"column":0},"end":{"line":38,"column":18}},"39":{"start":{"line":40,"column":0},"end":{"line":40,"column":2}},"41":{"start":{"line":42,"column":0},"end":{"line":42,"column":22}}},"s":{"0":0,"1":0,"2":0,"3":0,"4":0,"6":0,"7":0,"9":0,"10":0,"11":0,"12":0,"13":0,"14":0,"15":0,"16":0,"17":0,"18":0,"19":0,"20":0,"21":0,"22":0,"23":0,"24":0,"25":0,"26":0,"27":0,"28":0,"29":0,"30":0,"31":0,"33":0,"34":0,"35":0,"36":0,"37":0,"39":0,"41":0},"branchMap":{"0":{"type":"branch","line":1,"loc":{"start":{"line":1,"column":466},"end":{"line":42,"column":-831}},"locations":[{"start":{"line":1,"column":466},"end":{"line":42,"column":-831}}]}},"b":{"0":[0]},"fnMap":{"0":{"name":"(empty-report)","decl":{"start":{"line":1,"column":466},"end":{"line":42,"column":-831}},"loc":{"start":{"line":1,"column":466},"end":{"line":42,"column":-831}},"line":1}},"f":{"0":0}}
,"C:\\Project\\discordBot\\client\\src\\components\\Header\\style.ts": {"path":"C:\\Project\\discordBot\\client\\src\\components\\Header\\style.ts","all":true,"statementMap":{"0":{"start":{"line":1,"column":0},"end":{"line":1,"column":52}},"1":{"start":{"line":2,"column":0},"end":{"line":2,"column":39}},"3":{"start":{"line":4,"column":0},"end":{"line":4,"column":41}},"4":{"start":{"line":5,"column":0},"end":{"line":5,"column":54}},"5":{"start":{"line":6,"column":0},"end":{"line":6,"column":45}},"17":{"start":{"line":18,"column":0},"end":{"line":18,"column":29}}},"s":{"0":0,"1":0,"3":0,"4":0,"5":0,"17":0},"branchMap":{"0":{"type":"branch","line":1,"loc":{"start":{"line":1,"column":675},"end":{"line":27,"column":2}},"locations":[{"start":{"line":1,"column":675},"end":{"line":27,"column":2}}]}},"b":{"0":[0]},"fnMap":{"0":{"name":"(empty-report)","decl":{"start":{"line":1,"column":675},"end":{"line":27,"column":2}},"loc":{"start":{"line":1,"column":675},"end":{"line":27,"column":2}},"line":1}},"f":{"0":0}}
,"C:\\Project\\discordBot\\client\\src\\components\\Layout\\index.tsx": {"path":"C:\\Project\\discordBot\\client\\src\\components\\Layout\\index.tsx","all":true,"statementMap":{"1":{"start":{"line":2,"column":0},"end":{"line":2,"column":56}},"2":{"start":{"line":3,"column":0},"end":{"line":3,"column":41}},"3":{"start":{"line":4,"column":0},"end":{"line":4,"column":41}},"9":{"start":{"line":10,"column":0},"end":{"line":10,"column":57}},"10":{"start":{"line":11,"column":0},"end":{"line":11,"column":10}},"11":{"start":{"line":12,"column":0},"end":{"line":12,"column":17}},"12":{"start":{"line":13,"column":0},"end":{"line":13,"column":16}},"13":{"start":{"line":14,"column":0},"end":{"line":14,"column":16}},"14":{"start":{"line":15,"column":0},"end":{"line":15,"column":16}},"15":{"start":{"line":16,"column":0},"end":{"line":16,"column":18}},"17":{"start":{"line":18,"column":0},"end":{"line":18,"column":2}},"19":{"start":{"line":20,"column":0},"end":{"line":20,"column":22}}},"s":{"1":0,"2":0,"3":0,"9":0,"10":0,"11":0,"12":0,"13":0,"14":0,"15":0,"17":0,"19":0},"branchMap":{"0":{"type":"branch","line":1,"loc":{"start":{"line":1,"column":339},"end":{"line":20,"column":-234}},"locations":[{"start":{"line":1,"column":339},"end":{"line":20,"column":-234}}]}},"b":{"0":[1]},"fnMap":{"0":{"name":"(empty-report)","decl":{"start":{"line":1,"column":339},"end":{"line":20,"column":-234}},"loc":{"start":{"line":1,"column":339},"end":{"line":20,"column":-234}},"line":1}},"f":{"0":1}}
,"C:\\Project\\discordBot\\client\\src\\components\\Layout\\style.ts": {"path":"C:\\Project\\discordBot\\client\\src\\components\\Layout\\style.ts","all":true,"statementMap":{"0":{"start":{"line":1,"column":0},"end":{"line":1,"column":39}},"2":{"start":{"line":3,"column":0},"end":{"line":3,"column":38}},"11":{"start":{"line":12,"column":0},"end":{"line":12,"column":62}},"18":{"start":{"line":19,"column":0},"end":{"line":19,"column":62}},"23":{"start":{"line":24,"column":0},"end":{"line":24,"column":60}}},"s":{"0":0,"2":0,"11":0,"18":0,"23":0},"branchMap":{"0":{"type":"branch","line":1,"loc":{"start":{"line":1,"column":631},"end":{"line":28,"column":2}},"locations":[{"start":{"line":1,"column":631},"end":{"line":28,"column":2}}]}},"b":{"0":[0]},"fnMap":{"0":{"name":"(empty-report)","decl":{"start":{"line":1,"column":631},"end":{"line":28,"column":2}},"loc":{"start":{"line":1,"column":631},"end":{"line":28,"column":2}},"line":1}},"f":{"0":0}}
,"C:\\Project\\discordBot\\client\\src\\components\\Modal\\index.tsx": {"path":"C:\\Project\\discordBot\\client\\src\\components\\Modal\\index.tsx","all":false,"statementMap":{"0":{"start":{"line":1,"column":0},"end":{"line":1,"column":65}},"1":{"start":{"line":2,"column":0},"end":{"line":2,"column":37}},"2":{"start":{"line":3,"column":0},"end":{"line":3,"column":76}},"14":{"start":{"line":15,"column":0},"end":{"line":15,"column":40}},"15":{"start":{"line":16,"column":0},"end":{"line":16,"column":97}},"16":{"start":{"line":17,"column":0},"end":{"line":17,"column":65}},"17":{"start":{"line":18,"column":0},"end":{"line":18,"column":71}},"18":{"start":{"line":19,"column":0},"end":{"line":19,"column":55}},"20":{"start":{"line":21,"column":0},"end":{"line":21,"column":41}},"21":{"start":{"line":22,"column":0},"end":{"line":22,"column":18}},"22":{"start":{"line":23,"column":0},"end":{"line":23,"column":75}},"23":{"start":{"line":24,"column":0},"end":{"line":24,"column":5}},"24":{"start":{"line":25,"column":0},"end":{"line":25,"column":27}},"26":{"start":{"line":27,"column":0},"end":{"line":27,"column":63}},"28":{"start":{"line":29,"column":0},"end":{"line":29,"column":19}},"29":{"start":{"line":30,"column":0},"end":{"line":30,"column":37}},"30":{"start":{"line":31,"column":0},"end":{"line":31,"column":14}},"32":{"start":{"line":33,"column":0},"end":{"line":33,"column":19}},"33":{"start":{"line":34,"column":0},"end":{"line":34,"column":22}},"34":{"start":{"line":35,"column":0},"end":{"line":35,"column":46}},"35":{"start":{"line":36,"column":0},"end":{"line":36,"column":12}},"36":{"start":{"line":37,"column":0},"end":{"line":37,"column":40}},"37":{"start":{"line":38,"column":0},"end":{"line":38,"column":5}},"38":{"start":{"line":39,"column":0},"end":{"line":39,"column":20}},"40":{"start":{"line":41,"column":0},"end":{"line":41,"column":10}},"41":{"start":{"line":42,"column":0},"end":{"line":42,"column":6}},"42":{"start":{"line":43,"column":0},"end":{"line":43,"column":32}},"43":{"start":{"line":44,"column":0},"end":{"line":44,"column":20}},"44":{"start":{"line":45,"column":0},"end":{"line":45,"column":72}},"45":{"start":{"line":46,"column":0},"end":{"line":46,"column":43}},"46":{"start":{"line":47,"column":0},"end":{"line":47,"column":76}},"47":{"start":{"line":48,"column":0},"end":{"line":48,"column":18}},"48":{"start":{"line":49,"column":0},"end":{"line":49,"column":98}},"49":{"start":{"line":50,"column":0},"end":{"line":50,"column":45}},"50":{"start":{"line":51,"column":0},"end":{"line":51,"column":15}},"52":{"start":{"line":53,"column":0},"end":{"line":53,"column":20}},"53":{"start":{"line":54,"column":0},"end":{"line":54,"column":18}},"54":{"start":{"line":55,"column":0},"end":{"line":55,"column":57}},"55":{"start":{"line":56,"column":0},"end":{"line":56,"column":51}},"56":{"start":{"line":57,"column":0},"end":{"line":57,"column":21}},"57":{"start":{"line":58,"column":0},"end":{"line":58,"column":33}},"58":{"start":{"line":59,"column":0},"end":{"line":59,"column":45}},"59":{"start":{"line":60,"column":0},"end":{"line":60,"column":54}},"61":{"start":{"line":62,"column":0},"end":{"line":62,"column":35}},"62":{"start":{"line":63,"column":0},"end":{"line":63,"column":23}},"63":{"start":{"line":64,"column":0},"end":{"line":64,"column":28}},"64":{"start":{"line":65,"column":0},"end":{"line":65,"column":18}},"65":{"start":{"line":66,"column":0},"end":{"line":66,"column":16}},"66":{"start":{"line":67,"column":0},"end":{"line":67,"column":21}},"68":{"start":{"line":69,"column":0},"end":{"line":69,"column":35}},"69":{"start":{"line":70,"column":0},"end":{"line":70,"column":20}},"70":{"start":{"line":71,"column":0},"end":{"line":71,"column":57}},"71":{"start":{"line":72,"column":0},"end":{"line":72,"column":43}},"72":{"start":{"line":73,"column":0},"end":{"line":73,"column":78}},"73":{"start":{"line":74,"column":0},"end":{"line":74,"column":18}},"74":{"start":{"line":75,"column":0},"end":{"line":75,"column":41}},"75":{"start":{"line":76,"column":0},"end":{"line":76,"column":56}},"77":{"start":{"line":78,"column":0},"end":{"line":78,"column":18}},"78":{"start":{"line":79,"column":0},"end":{"line":79,"column":18}},"79":{"start":{"line":80,"column":0},"end":{"line":80,"column":51}},"80":{"start":{"line":81,"column":0},"end":{"line":81,"column":21}},"81":{"start":{"line":82,"column":0},"end":{"line":82,"column":56}},"82":{"start":{"line":83,"column":0},"end":{"line":83,"column":54}},"83":{"start":{"line":84,"column":0},"end":{"line":84,"column":15}},"85":{"start":{"line":86,"column":0},"end":{"line":86,"column":23}},"86":{"start":{"line":87,"column":0},"end":{"line":87,"column":21}},"87":{"start":{"line":88,"column":0},"end":{"line":88,"column":32}},"88":{"start":{"line":89,"column":0},"end":{"line":89,"column":40}},"89":{"start":{"line":90,"column":0},"end":{"line":90,"column":43}},"90":{"start":{"line":91,"column":0},"end":{"line":91,"column":18}},"91":{"start":{"line":92,"column":0},"end":{"line":92,"column":54}},"92":{"start":{"line":93,"column":0},"end":{"line":93,"column":15}},"94":{"start":{"line":95,"column":0},"end":{"line":95,"column":23}},"95":{"start":{"line":96,"column":0},"end":{"line":96,"column":18}},"96":{"start":{"line":97,"column":0},"end":{"line":97,"column":16}},"97":{"start":{"line":98,"column":0},"end":{"line":98,"column":21}},"99":{"start":{"line":100,"column":0},"end":{"line":100,"column":7}},"101":{"start":{"line":102,"column":0},"end":{"line":102,"column":2}}},"s":{"0":1,"1":1,"2":1,"14":1,"15":72,"16":72,"17":72,"18":72,"20":72,"21":0,"22":0,"23":0,"24":72,"26":72,"28":72,"29":24,"30":72,"32":72,"33":24,"34":0,"35":24,"36":24,"37":24,"38":72,"40":72,"41":72,"42":72,"43":0,"44":0,"45":0,"46":0,"47":0,"48":0,"49":0,"50":0,"52":0,"53":0,"54":0,"55":0,"56":0,"57":0,"58":0,"59":0,"61":0,"62":0,"63":0,"64":0,"65":0,"66":0,"68":72,"69":0,"70":0,"71":0,"72":0,"73":0,"74":0,"75":0,"77":0,"78":0,"79":0,"80":0,"81":0,"82":0,"83":0,"85":0,"86":0,"87":0,"88":0,"89":0,"90":0,"91":0,"92":0,"94":0,"95":0,"96":0,"97":0,"99":72,"101":72},"branchMap":{"0":{"type":"branch","line":15,"loc":{"start":{"line":15,"column":21},"end":{"line":102,"column":2}},"locations":[{"start":{"line":15,"column":21},"end":{"line":102,"column":2}}]},"1":{"type":"branch","line":43,"loc":{"start":{"line":43,"column":23},"end":{"line":67,"column":21}},"locations":[{"start":{"line":43,"column":23},"end":{"line":67,"column":21}}]},"2":{"type":"branch","line":69,"loc":{"start":{"line":69,"column":26},"end":{"line":98,"column":21}},"locations":[{"start":{"line":69,"column":26},"end":{"line":98,"column":21}}]},"3":{"type":"branch","line":29,"loc":{"start":{"line":29,"column":12},"end":{"line":31,"column":5}},"locations":[{"start":{"line":29,"column":12},"end":{"line":31,"column":5}}]},"4":{"type":"branch","line":33,"loc":{"start":{"line":33,"column":12},"end":{"line":39,"column":5}},"locations":[{"start":{"line":33,"column":12},"end":{"line":39,"column":5}}]},"5":{"type":"branch","line":34,"loc":{"start":{"line":34,"column":21},"end":{"line":36,"column":11}},"locations":[{"start":{"line":34,"column":21},"end":{"line":36,"column":11}}]}},"b":{"0":[72],"1":[0],"2":[0],"3":[24],"4":[24],"5":[0]},"fnMap":{"0":{"name":"Modal","decl":{"start":{"line":15,"column":21},"end":{"line":102,"column":2}},"loc":{"start":{"line":15,"column":21},"end":{"line":102,"column":2}},"line":15},"1":{"name":"onClick","decl":{"start":{"line":50,"column":25},"end":{"line":50,"column":45}},"loc":{"start":{"line":50,"column":25},"end":{"line":50,"column":45}},"line":50},"2":{"name":"onClick","decl":{"start":{"line":59,"column":25},"end":{"line":59,"column":45}},"loc":{"start":{"line":59,"column":25},"end":{"line":59,"column":45}},"line":59},"3":{"name":"onClick","decl":{"start":{"line":82,"column":25},"end":{"line":82,"column":56}},"loc":{"start":{"line":82,"column":25},"end":{"line":82,"column":56}},"line":82},"4":{"name":"onClick","decl":{"start":{"line":88,"column":25},"end":{"line":91,"column":18}},"loc":{"start":{"line":88,"column":25},"end":{"line":91,"column":18}},"line":88}},"f":{"0":72,"1":0,"2":0,"3":0,"4":0}}
,"C:\\Project\\discordBot\\client\\src\\components\\Modal\\style.ts": {"path":"C:\\Project\\discordBot\\client\\src\\components\\Modal\\style.ts","all":false,"statementMap":{"0":{"start":{"line":1,"column":0},"end":{"line":1,"column":39}},"1":{"start":{"line":2,"column":0},"end":{"line":2,"column":52}},"3":{"start":{"line":4,"column":0},"end":{"line":4,"column":37}},"6":{"start":{"line":7,"column":0},"end":{"line":7,"column":60}},"11":{"start":{"line":12,"column":0},"end":{"line":12,"column":27}},"16":{"start":{"line":17,"column":0},"end":{"line":17,"column":47}},"20":{"start":{"line":21,"column":0},"end":{"line":21,"column":61}},"21":{"start":{"line":22,"column":0},"end":{"line":22,"column":28}},"37":{"start":{"line":38,"column":0},"end":{"line":38,"column":74}},"43":{"start":{"line":44,"column":0},"end":{"line":44,"column":30}},"58":{"start":{"line":59,"column":0},"end":{"line":59,"column":30}}},"s":{"0":1,"1":1,"3":1,"6":1,"11":1,"16":1,"20":1,"21":1,"37":1,"43":1,"58":1},"branchMap":{},"b":{},"fnMap":{},"f":{}}
,"C:\\Project\\discordBot\\client\\src\\components\\ProfileCard\\index.tsx": {"path":"C:\\Project\\discordBot\\client\\src\\components\\ProfileCard\\index.tsx","all":false,"statementMap":{"0":{"start":{"line":1,"column":0},"end":{"line":1,"column":44}},"1":{"start":{"line":2,"column":0},"end":{"line":2,"column":66}},"2":{"start":{"line":3,"column":0},"end":{"line":3,"column":40}},"3":{"start":{"line":4,"column":0},"end":{"line":4,"column":40}},"5":{"start":{"line":6,"column":0},"end":{"line":6,"column":41}},"6":{"start":{"line":7,"column":0},"end":{"line":7,"column":47}},"7":{"start":{"line":8,"column":0},"end":{"line":8,"column":45}},"10":{"start":{"line":11,"column":0},"end":{"line":11,"column":39}},"11":{"start":{"line":12,"column":0},"end":{"line":12,"column":8}},"22":{"start":{"line":23,"column":0},"end":{"line":23,"column":50}},"23":{"start":{"line":24,"column":0},"end":{"line":24,"column":36}},"24":{"start":{"line":25,"column":0},"end":{"line":25,"column":93}},"25":{"start":{"line":26,"column":0},"end":{"line":26,"column":92}},"27":{"start":{"line":28,"column":0},"end":{"line":28,"column":9}},"28":{"start":{"line":29,"column":0},"end":{"line":29,"column":18}},"29":{"start":{"line":30,"column":0},"end":{"line":30,"column":28}},"30":{"start":{"line":31,"column":0},"end":{"line":31,"column":24}},"31":{"start":{"line":32,"column":0},"end":{"line":32,"column":32}},"32":{"start":{"line":33,"column":0},"end":{"line":33,"column":59}},"34":{"start":{"line":35,"column":0},"end":{"line":35,"column":9}},"35":{"start":{"line":36,"column":0},"end":{"line":36,"column":18}},"36":{"start":{"line":37,"column":0},"end":{"line":37,"column":27}},"37":{"start":{"line":38,"column":0},"end":{"line":38,"column":24}},"38":{"start":{"line":39,"column":0},"end":{"line":39,"column":29}},"39":{"start":{"line":40,"column":0},"end":{"line":40,"column":71}},"40":{"start":{"line":41,"column":0},"end":{"line":41,"column":30}},"41":{"start":{"line":42,"column":0},"end":{"line":42,"column":10}},"42":{"start":{"line":43,"column":0},"end":{"line":43,"column":4}},"44":{"start":{"line":45,"column":0},"end":{"line":45,"column":9}},"45":{"start":{"line":46,"column":0},"end":{"line":46,"column":20}},"46":{"start":{"line":47,"column":0},"end":{"line":47,"column":30}},"47":{"start":{"line":48,"column":0},"end":{"line":48,"column":26}},"48":{"start":{"line":49,"column":0},"end":{"line":49,"column":31}},"49":{"start":{"line":50,"column":0},"end":{"line":50,"column":74}},"50":{"start":{"line":51,"column":0},"end":{"line":51,"column":32}},"51":{"start":{"line":52,"column":0},"end":{"line":52,"column":10}},"52":{"start":{"line":53,"column":0},"end":{"line":53,"column":4}},"54":{"start":{"line":55,"column":0},"end":{"line":55,"column":76}},"55":{"start":{"line":56,"column":0},"end":{"line":56,"column":31}},"56":{"start":{"line":57,"column":0},"end":{"line":57,"column":11}},"57":{"start":{"line":58,"column":0},"end":{"line":58,"column":4}},"59":{"start":{"line":60,"column":0},"end":{"line":60,"column":46}},"60":{"start":{"line":61,"column":0},"end":{"line":61,"column":39}},"61":{"start":{"line":62,"column":0},"end":{"line":62,"column":34}},"62":{"start":{"line":63,"column":0},"end":{"line":63,"column":40}},"63":{"start":{"line":64,"column":0},"end":{"line":64,"column":38}},"64":{"start":{"line":65,"column":0},"end":{"line":65,"column":40}},"65":{"start":{"line":66,"column":0},"end":{"line":66,"column":6}},"67":{"start":{"line":68,"column":0},"end":{"line":68,"column":66}},"69":{"start":{"line":70,"column":0},"end":{"line":70,"column":15}},"70":{"start":{"line":71,"column":0},"end":{"line":71,"column":71}},"71":{"start":{"line":72,"column":0},"end":{"line":72,"column":32}},"72":{"start":{"line":73,"column":0},"end":{"line":73,"column":51}},"73":{"start":{"line":74,"column":0},"end":{"line":74,"column":30}},"74":{"start":{"line":75,"column":0},"end":{"line":75,"column":25}},"75":{"start":{"line":76,"column":0},"end":{"line":76,"column":27}},"76":{"start":{"line":77,"column":0},"end":{"line":77,"column":9}},"77":{"start":{"line":78,"column":0},"end":{"line":78,"column":24}},"78":{"start":{"line":79,"column":0},"end":{"line":79,"column":5}},"79":{"start":{"line":80,"column":0},"end":{"line":80,"column":16}},"80":{"start":{"line":81,"column":0},"end":{"line":81,"column":45}},"81":{"start":{"line":82,"column":0},"end":{"line":82,"column":34}},"82":{"start":{"line":83,"column":0},"end":{"line":83,"column":30}},"83":{"start":{"line":84,"column":0},"end":{"line":84,"column":27}},"84":{"start":{"line":85,"column":0},"end":{"line":85,"column":25}},"85":{"start":{"line":86,"column":0},"end":{"line":86,"column":9}},"86":{"start":{"line":87,"column":0},"end":{"line":87,"column":5}},"87":{"start":{"line":88,"column":0},"end":{"line":88,"column":4}},"89":{"start":{"line":90,"column":0},"end":{"line":90,"column":20}},"90":{"start":{"line":91,"column":0},"end":{"line":91,"column":21}},"91":{"start":{"line":92,"column":0},"end":{"line":92,"column":41}},"92":{"start":{"line":93,"column":0},"end":{"line":93,"column":35}},"93":{"start":{"line":94,"column":0},"end":{"line":94,"column":35}},"94":{"start":{"line":95,"column":0},"end":{"line":95,"column":24}},"95":{"start":{"line":96,"column":0},"end":{"line":96,"column":67}},"96":{"start":{"line":97,"column":0},"end":{"line":97,"column":62}},"97":{"start":{"line":98,"column":0},"end":{"line":98,"column":61}},"99":{"start":{"line":100,"column":0},"end":{"line":100,"column":58}},"100":{"start":{"line":101,"column":0},"end":{"line":101,"column":54}},"101":{"start":{"line":102,"column":0},"end":{"line":102,"column":78}},"103":{"start":{"line":104,"column":0},"end":{"line":104,"column":19}},"104":{"start":{"line":105,"column":0},"end":{"line":105,"column":25}},"105":{"start":{"line":106,"column":0},"end":{"line":106,"column":22}},"106":{"start":{"line":107,"column":0},"end":{"line":107,"column":24}},"107":{"start":{"line":108,"column":0},"end":{"line":108,"column":9}},"109":{"start":{"line":110,"column":0},"end":{"line":110,"column":10}},"110":{"start":{"line":111,"column":0},"end":{"line":111,"column":22}},"111":{"start":{"line":112,"column":0},"end":{"line":112,"column":30}},"112":{"start":{"line":113,"column":0},"end":{"line":113,"column":32}},"113":{"start":{"line":114,"column":0},"end":{"line":114,"column":89}},"114":{"start":{"line":115,"column":0},"end":{"line":115,"column":14}},"115":{"start":{"line":116,"column":0},"end":{"line":116,"column":12}},"116":{"start":{"line":117,"column":0},"end":{"line":117,"column":72}},"117":{"start":{"line":118,"column":0},"end":{"line":118,"column":8}},"118":{"start":{"line":119,"column":0},"end":{"line":119,"column":26}},"119":{"start":{"line":120,"column":0},"end":{"line":120,"column":32}},"120":{"start":{"line":121,"column":0},"end":{"line":121,"column":92}},"121":{"start":{"line":122,"column":0},"end":{"line":122,"column":16}},"123":{"start":{"line":124,"column":0},"end":{"line":124,"column":9}},"124":{"start":{"line":125,"column":0},"end":{"line":125,"column":19}},"125":{"start":{"line":126,"column":0},"end":{"line":126,"column":30}},"126":{"start":{"line":127,"column":0},"end":{"line":127,"column":40}},"127":{"start":{"line":128,"column":0},"end":{"line":128,"column":83}},"128":{"start":{"line":129,"column":0},"end":{"line":129,"column":80}},"129":{"start":{"line":130,"column":0},"end":{"line":130,"column":16}},"130":{"start":{"line":131,"column":0},"end":{"line":131,"column":34}},"131":{"start":{"line":132,"column":0},"end":{"line":132,"column":93}},"132":{"start":{"line":133,"column":0},"end":{"line":133,"column":81}},"133":{"start":{"line":134,"column":0},"end":{"line":134,"column":14}},"134":{"start":{"line":135,"column":0},"end":{"line":135,"column":32}},"135":{"start":{"line":136,"column":0},"end":{"line":136,"column":98}},"137":{"start":{"line":138,"column":0},"end":{"line":138,"column":15}},"138":{"start":{"line":139,"column":0},"end":{"line":139,"column":14}},"139":{"start":{"line":140,"column":0},"end":{"line":140,"column":34}},"140":{"start":{"line":141,"column":0},"end":{"line":141,"column":100}},"142":{"start":{"line":143,"column":0},"end":{"line":143,"column":15}},"143":{"start":{"line":144,"column":0},"end":{"line":144,"column":29}},"144":{"start":{"line":145,"column":0},"end":{"line":145,"column":16}},"145":{"start":{"line":146,"column":0},"end":{"line":146,"column":45}},"146":{"start":{"line":147,"column":0},"end":{"line":147,"column":73}},"148":{"start":{"line":149,"column":0},"end":{"line":149,"column":26}},"149":{"start":{"line":150,"column":0},"end":{"line":150,"column":24}},"150":{"start":{"line":151,"column":0},"end":{"line":151,"column":34}},"151":{"start":{"line":152,"column":0},"end":{"line":152,"column":49}},"152":{"start":{"line":153,"column":0},"end":{"line":153,"column":55}},"153":{"start":{"line":154,"column":0},"end":{"line":154,"column":31}},"154":{"start":{"line":155,"column":0},"end":{"line":155,"column":36}},"155":{"start":{"line":156,"column":0},"end":{"line":156,"column":87}},"157":{"start":{"line":158,"column":0},"end":{"line":158,"column":43}},"158":{"start":{"line":159,"column":0},"end":{"line":159,"column":35}},"159":{"start":{"line":160,"column":0},"end":{"line":160,"column":20}},"160":{"start":{"line":161,"column":0},"end":{"line":161,"column":22}},"161":{"start":{"line":162,"column":0},"end":{"line":162,"column":45}},"162":{"start":{"line":163,"column":0},"end":{"line":163,"column":65}},"163":{"start":{"line":164,"column":0},"end":{"line":164,"column":27}},"164":{"start":{"line":165,"column":0},"end":{"line":165,"column":59}},"165":{"start":{"line":166,"column":0},"end":{"line":166,"column":45}},"166":{"start":{"line":167,"column":0},"end":{"line":167,"column":69}},"167":{"start":{"line":168,"column":0},"end":{"line":168,"column":41}},"168":{"start":{"line":169,"column":0},"end":{"line":169,"column":64}},"169":{"start":{"line":170,"column":0},"end":{"line":170,"column":24}},"170":{"start":{"line":171,"column":0},"end":{"line":171,"column":63}},"171":{"start":{"line":172,"column":0},"end":{"line":172,"column":89}},"172":{"start":{"line":173,"column":0},"end":{"line":173,"column":22}},"173":{"start":{"line":174,"column":0},"end":{"line":174,"column":20}},"174":{"start":{"line":175,"column":0},"end":{"line":175,"column":22}},"176":{"start":{"line":177,"column":0},"end":{"line":177,"column":45}},"177":{"start":{"line":178,"column":0},"end":{"line":178,"column":65}},"178":{"start":{"line":179,"column":0},"end":{"line":179,"column":27}},"179":{"start":{"line":180,"column":0},"end":{"line":180,"column":59}},"180":{"start":{"line":181,"column":0},"end":{"line":181,"column":45}},"181":{"start":{"line":182,"column":0},"end":{"line":182,"column":72}},"182":{"start":{"line":183,"column":0},"end":{"line":183,"column":37}},"183":{"start":{"line":184,"column":0},"end":{"line":184,"column":42}},"184":{"start":{"line":185,"column":0},"end":{"line":185,"column":24}},"185":{"start":{"line":186,"column":0},"end":{"line":186,"column":63}},"186":{"start":{"line":187,"column":0},"end":{"line":187,"column":89}},"187":{"start":{"line":188,"column":0},"end":{"line":188,"column":22}},"188":{"start":{"line":189,"column":0},"end":{"line":189,"column":20}},"189":{"start":{"line":190,"column":0},"end":{"line":190,"column":22}},"191":{"start":{"line":192,"column":0},"end":{"line":192,"column":53}},"192":{"start":{"line":193,"column":0},"end":{"line":193,"column":25}},"193":{"start":{"line":194,"column":0},"end":{"line":194,"column":50}},"194":{"start":{"line":195,"column":0},"end":{"line":195,"column":58}},"195":{"start":{"line":196,"column":0},"end":{"line":196,"column":60}},"197":{"start":{"line":198,"column":0},"end":{"line":198,"column":62}},"198":{"start":{"line":199,"column":0},"end":{"line":199,"column":27}},"199":{"start":{"line":200,"column":0},"end":{"line":200,"column":22}},"200":{"start":{"line":201,"column":0},"end":{"line":201,"column":17}},"202":{"start":{"line":203,"column":0},"end":{"line":203,"column":16}},"203":{"start":{"line":204,"column":0},"end":{"line":204,"column":14}},"205":{"start":{"line":206,"column":0},"end":{"line":206,"column":23}},"207":{"start":{"line":208,"column":0},"end":{"line":208,"column":2}},"209":{"start":{"line":210,"column":0},"end":{"line":210,"column":27}}},"s":{"0":1,"1":1,"2":1,"3":1,"5":1,"6":1,"7":1,"10":1,"11":1,"22":1,"23":9,"24":9,"25":9,"27":9,"28":9,"29":9,"30":9,"31":9,"32":9,"34":9,"35":9,"36":9,"37":9,"38":9,"39":9,"40":9,"41":9,"42":9,"44":9,"45":9,"46":9,"47":9,"48":9,"49":9,"50":9,"51":9,"52":9,"54":9,"55":9,"56":9,"57":9,"59":9,"60":0,"61":0,"62":0,"63":0,"64":0,"65":0,"67":0,"69":0,"70":0,"71":0,"72":0,"73":0,"74":0,"75":0,"76":0,"77":0,"78":0,"79":0,"80":0,"81":0,"82":0,"83":0,"84":0,"85":0,"86":0,"87":0,"89":9,"90":9,"91":9,"92":0,"93":0,"94":0,"95":0,"96":0,"97":0,"99":9,"100":9,"101":9,"103":9,"104":3,"105":3,"106":3,"107":9,"109":9,"110":9,"111":9,"112":9,"113":9,"114":9,"115":9,"116":9,"117":9,"118":9,"119":1,"120":1,"121":1,"123":9,"124":9,"125":2,"126":2,"127":2,"128":2,"129":2,"130":2,"131":2,"132":2,"133":2,"134":2,"135":0,"137":2,"138":2,"139":2,"140":0,"142":2,"143":2,"144":2,"145":2,"146":2,"148":2,"149":2,"150":2,"151":2,"152":2,"153":2,"154":2,"155":0,"157":2,"158":2,"159":2,"160":2,"161":2,"162":2,"163":2,"164":2,"165":2,"166":2,"167":1,"168":1,"169":2,"170":2,"171":0,"172":0,"173":2,"174":2,"176":2,"177":2,"178":2,"179":2,"180":2,"181":2,"182":1,"183":1,"184":2,"185":2,"186":0,"187":0,"188":2,"189":2,"191":2,"192":2,"193":2,"194":2,"195":2,"197":2,"198":2,"199":2,"200":2,"202":2,"203":2,"205":9,"207":9,"209":1},"branchMap":{"0":{"type":"branch","line":23,"loc":{"start":{"line":23,"column":20},"end":{"line":208,"column":2}},"locations":[{"start":{"line":23,"column":20},"end":{"line":208,"column":2}}]},"1":{"type":"branch","line":92,"loc":{"start":{"line":92,"column":36},"end":{"line":93,"column":35}},"locations":[{"start":{"line":92,"column":36},"end":{"line":93,"column":35}}]},"2":{"type":"branch","line":93,"loc":{"start":{"line":93,"column":30},"end":{"line":94,"column":35}},"locations":[{"start":{"line":93,"column":30},"end":{"line":94,"column":35}}]},"3":{"type":"branch","line":94,"loc":{"start":{"line":94,"column":30},"end":{"line":98,"column":61}},"locations":[{"start":{"line":94,"column":30},"end":{"line":98,"column":61}}]},"4":{"type":"branch","line":100,"loc":{"start":{"line":100,"column":24},"end":{"line":100,"column":58}},"locations":[{"start":{"line":100,"column":24},"end":{"line":100,"column":58}}]},"5":{"type":"branch","line":101,"loc":{"start":{"line":101,"column":23},"end":{"line":101,"column":54}},"locations":[{"start":{"line":101,"column":23},"end":{"line":101,"column":54}}]},"6":{"type":"branch","line":102,"loc":{"start":{"line":102,"column":23},"end":{"line":102,"column":57}},"locations":[{"start":{"line":102,"column":23},"end":{"line":102,"column":57}}]},"7":{"type":"branch","line":102,"loc":{"start":{"line":102,"column":41},"end":{"line":102,"column":68}},"locations":[{"start":{"line":102,"column":41},"end":{"line":102,"column":68}}]},"8":{"type":"branch","line":102,"loc":{"start":{"line":102,"column":57},"end":{"line":102,"column":78}},"locations":[{"start":{"line":102,"column":57},"end":{"line":102,"column":78}}]},"9":{"type":"branch","line":117,"loc":{"start":{"line":117,"column":7},"end":{"line":117,"column":72}},"locations":[{"start":{"line":117,"column":7},"end":{"line":117,"column":72}}]},"10":{"type":"branch","line":119,"loc":{"start":{"line":119,"column":9},"end":{"line":122,"column":16}},"locations":[{"start":{"line":119,"column":9},"end":{"line":122,"column":16}}]},"11":{"type":"branch","line":125,"loc":{"start":{"line":125,"column":7},"end":{"line":204,"column":14}},"locations":[{"start":{"line":125,"column":7},"end":{"line":204,"column":14}}]},"12":{"type":"branch","line":133,"loc":{"start":{"line":133,"column":15},"end":{"line":133,"column":78}},"locations":[{"start":{"line":133,"column":15},"end":{"line":133,"column":78}}]},"13":{"type":"branch","line":135,"loc":{"start":{"line":135,"column":15},"end":{"line":136,"column":98}},"locations":[{"start":{"line":135,"column":15},"end":{"line":136,"column":98}}]},"14":{"type":"branch","line":140,"loc":{"start":{"line":140,"column":15},"end":{"line":141,"column":100}},"locations":[{"start":{"line":140,"column":15},"end":{"line":141,"column":100}}]},"15":{"type":"branch","line":198,"loc":{"start":{"line":198,"column":39},"end":{"line":198,"column":62}},"locations":[{"start":{"line":198,"column":39},"end":{"line":198,"column":62}}]},"16":{"type":"branch","line":104,"loc":{"start":{"line":104,"column":12},"end":{"line":108,"column":5}},"locations":[{"start":{"line":104,"column":12},"end":{"line":108,"column":5}}]},"17":{"type":"branch","line":167,"loc":{"start":{"line":167,"column":46},"end":{"line":170,"column":22}},"locations":[{"start":{"line":167,"column":46},"end":{"line":170,"column":22}}]},"18":{"type":"branch","line":182,"loc":{"start":{"line":182,"column":48},"end":{"line":185,"column":22}},"locations":[{"start":{"line":182,"column":48},"end":{"line":185,"column":22}}]}},"b":{"0":[9],"1":[0],"2":[0],"3":[0],"4":[6],"5":[8],"6":[6],"7":[5],"8":[2],"9":[3],"10":[1],"11":[2],"12":[0],"13":[0],"14":[0],"15":[0],"16":[3],"17":[1],"18":[1]},"fnMap":{"0":{"name":"ProfileCard","decl":{"start":{"line":23,"column":20},"end":{"line":208,"column":2}},"loc":{"start":{"line":23,"column":20},"end":{"line":208,"column":2}},"line":23},"1":{"name":"sendCelebrationMessage","decl":{"start":{"line":60,"column":33},"end":{"line":88,"column":4}},"loc":{"start":{"line":60,"column":33},"end":{"line":88,"column":4}},"line":60},"2":{"name":"onChange","decl":{"start":{"line":155,"column":30},"end":{"line":156,"column":87}},"loc":{"start":{"line":155,"column":30},"end":{"line":156,"column":87}},"line":155},"3":{"name":"onChange","decl":{"start":{"line":171,"column":30},"end":{"line":173,"column":22}},"loc":{"start":{"line":171,"column":30},"end":{"line":173,"column":22}},"line":171},"4":{"name":"onChange","decl":{"start":{"line":186,"column":30},"end":{"line":188,"column":22}},"loc":{"start":{"line":186,"column":30},"end":{"line":188,"column":22}},"line":186},"5":{"name":"onClick","decl":{"start":{"line":196,"column":29},"end":{"line":196,"column":60}},"loc":{"start":{"line":196,"column":29},"end":{"line":196,"column":60}},"line":196}},"f":{"0":9,"1":0,"2":0,"3":0,"4":0,"5":0}}
,"C:\\Project\\discordBot\\client\\src\\components\\ProfileCard\\style.ts": {"path":"C:\\Project\\discordBot\\client\\src\\components\\ProfileCard\\style.ts","all":false,"statementMap":{"0":{"start":{"line":1,"column":0},"end":{"line":1,"column":52}},"1":{"start":{"line":2,"column":0},"end":{"line":2,"column":39}},"3":{"start":{"line":4,"column":0},"end":{"line":4,"column":43}},"5":{"start":{"line":6,"column":0},"end":{"line":6,"column":58}},"7":{"start":{"line":8,"column":0},"end":{"line":8,"column":45}},"8":{"start":{"line":9,"column":0},"end":{"line":9,"column":26}},"13":{"start":{"line":14,"column":0},"end":{"line":14,"column":62}},"31":{"start":{"line":32,"column":0},"end":{"line":32,"column":68}},"37":{"start":{"line":38,"column":0},"end":{"line":38,"column":62}},"39":{"start":{"line":40,"column":0},"end":{"line":40,"column":80}}},"s":{"0":1,"1":1,"3":1,"5":1,"7":1,"8":1,"13":1,"31":1,"37":1,"39":1},"branchMap":{"0":{"type":"branch","line":6,"loc":{"start":{"line":6,"column":22},"end":{"line":6,"column":56}},"locations":[{"start":{"line":6,"column":22},"end":{"line":6,"column":56}}]},"1":{"type":"branch","line":8,"loc":{"start":{"line":8,"column":11},"end":{"line":8,"column":43}},"locations":[{"start":{"line":8,"column":11},"end":{"line":8,"column":43}}]},"2":{"type":"branch","line":14,"loc":{"start":{"line":14,"column":24},"end":{"line":14,"column":60}},"locations":[{"start":{"line":14,"column":24},"end":{"line":14,"column":60}}]},"3":{"type":"branch","line":32,"loc":{"start":{"line":32,"column":28},"end":{"line":32,"column":66}},"locations":[{"start":{"line":32,"column":28},"end":{"line":32,"column":66}}]},"4":{"type":"branch","line":38,"loc":{"start":{"line":38,"column":24},"end":{"line":38,"column":60}},"locations":[{"start":{"line":38,"column":24},"end":{"line":38,"column":60}}]},"5":{"type":"branch","line":40,"loc":{"start":{"line":40,"column":38},"end":{"line":40,"column":78}},"locations":[{"start":{"line":40,"column":38},"end":{"line":40,"column":78}}]}},"b":{"0":[9],"1":[9],"2":[9],"3":[9],"4":[9],"5":[9]},"fnMap":{},"f":{}}
,"C:\\Project\\discordBot\\client\\src\\components\\Table\\index.tsx": {"path":"C:\\Project\\discordBot\\client\\src\\components\\Table\\index.tsx","all":false,"statementMap":{"0":{"start":{"line":1,"column":0},"end":{"line":1,"column":59}},"1":{"start":{"line":2,"column":0},"end":{"line":2,"column":54}},"2":{"start":{"line":3,"column":0},"end":{"line":3,"column":51}},"3":{"start":{"line":4,"column":0},"end":{"line":4,"column":40}},"23":{"start":{"line":24,"column":0},"end":{"line":24,"column":45}},"24":{"start":{"line":25,"column":0},"end":{"line":25,"column":57}},"26":{"start":{"line":27,"column":0},"end":{"line":27,"column":69}},"27":{"start":{"line":28,"column":0},"end":{"line":28,"column":63}},"28":{"start":{"line":29,"column":0},"end":{"line":29,"column":14}},"29":{"start":{"line":30,"column":0},"end":{"line":30,"column":10}},"30":{"start":{"line":31,"column":0},"end":{"line":31,"column":38}},"31":{"start":{"line":32,"column":0},"end":{"line":32,"column":84}},"32":{"start":{"line":33,"column":0},"end":{"line":33,"column":33}},"33":{"start":{"line":34,"column":0},"end":{"line":34,"column":19}},"34":{"start":{"line":35,"column":0},"end":{"line":35,"column":98}},"35":{"start":{"line":36,"column":0},"end":{"line":36,"column":17}},"36":{"start":{"line":37,"column":0},"end":{"line":37,"column":11}},"38":{"start":{"line":39,"column":0},"end":{"line":39,"column":5}},"39":{"start":{"line":40,"column":0},"end":{"line":40,"column":12}},"40":{"start":{"line":41,"column":0},"end":{"line":41,"column":8}},"41":{"start":{"line":42,"column":0},"end":{"line":42,"column":36}},"42":{"start":{"line":43,"column":0},"end":{"line":43,"column":82}},"43":{"start":{"line":44,"column":0},"end":{"line":44,"column":33}},"44":{"start":{"line":45,"column":0},"end":{"line":45,"column":17}},"45":{"start":{"line":46,"column":0},"end":{"line":46,"column":98}},"46":{"start":{"line":47,"column":0},"end":{"line":47,"column":15}},"47":{"start":{"line":48,"column":0},"end":{"line":48,"column":9}},"49":{"start":{"line":50,"column":0},"end":{"line":50,"column":4}},"51":{"start":{"line":52,"column":0},"end":{"line":52,"column":60}},"53":{"start":{"line":54,"column":0},"end":{"line":54,"column":10}},"54":{"start":{"line":55,"column":0},"end":{"line":55,"column":16}},"55":{"start":{"line":56,"column":0},"end":{"line":56,"column":13}},"56":{"start":{"line":57,"column":0},"end":{"line":57,"column":38}},"57":{"start":{"line":58,"column":0},"end":{"line":58,"column":36}},"58":{"start":{"line":59,"column":0},"end":{"line":59,"column":40}},"59":{"start":{"line":60,"column":0},"end":{"line":60,"column":13}},"60":{"start":{"line":61,"column":0},"end":{"line":61,"column":61}},"61":{"start":{"line":62,"column":0},"end":{"line":62,"column":13}},"62":{"start":{"line":63,"column":0},"end":{"line":63,"column":14}},"63":{"start":{"line":64,"column":0},"end":{"line":64,"column":13}},"64":{"start":{"line":65,"column":0},"end":{"line":65,"column":20}},"65":{"start":{"line":66,"column":0},"end":{"line":66,"column":44}},"66":{"start":{"line":67,"column":0},"end":{"line":67,"column":72}},"67":{"start":{"line":68,"column":0},"end":{"line":68,"column":49}},"68":{"start":{"line":69,"column":0},"end":{"line":69,"column":17}},"69":{"start":{"line":70,"column":0},"end":{"line":70,"column":15}},"71":{"start":{"line":72,"column":0},"end":{"line":72,"column":28}},"72":{"start":{"line":73,"column":0},"end":{"line":73,"column":43}},"73":{"start":{"line":74,"column":0},"end":{"line":74,"column":72}},"74":{"start":{"line":75,"column":0},"end":{"line":75,"column":29}},"75":{"start":{"line":76,"column":0},"end":{"line":76,"column":17}},"76":{"start":{"line":77,"column":0},"end":{"line":77,"column":15}},"78":{"start":{"line":79,"column":0},"end":{"line":79,"column":38}},"79":{"start":{"line":80,"column":0},"end":{"line":80,"column":45}},"80":{"start":{"line":81,"column":0},"end":{"line":81,"column":72}},"82":{"start":{"line":83,"column":0},"end":{"line":83,"column":17}},"83":{"start":{"line":84,"column":0},"end":{"line":84,"column":15}},"85":{"start":{"line":86,"column":0},"end":{"line":86,"column":33}},"86":{"start":{"line":87,"column":0},"end":{"line":87,"column":52}},"87":{"start":{"line":88,"column":0},"end":{"line":88,"column":43}},"88":{"start":{"line":89,"column":0},"end":{"line":89,"column":59}},"89":{"start":{"line":90,"column":0},"end":{"line":90,"column":79}},"90":{"start":{"line":91,"column":0},"end":{"line":91,"column":17}},"91":{"start":{"line":92,"column":0},"end":{"line":92,"column":49}},"92":{"start":{"line":93,"column":0},"end":{"line":93,"column":20}},"93":{"start":{"line":94,"column":0},"end":{"line":94,"column":75}},"94":{"start":{"line":95,"column":0},"end":{"line":95,"column":49}},"95":{"start":{"line":96,"column":0},"end":{"line":96,"column":29}},"96":{"start":{"line":97,"column":0},"end":{"line":97,"column":51}},"97":{"start":{"line":98,"column":0},"end":{"line":98,"column":35}},"98":{"start":{"line":99,"column":0},"end":{"line":99,"column":94}},"100":{"start":{"line":101,"column":0},"end":{"line":101,"column":31}},"101":{"start":{"line":102,"column":0},"end":{"line":102,"column":59}},"103":{"start":{"line":104,"column":0},"end":{"line":104,"column":38}},"104":{"start":{"line":105,"column":0},"end":{"line":105,"column":31}},"105":{"start":{"line":106,"column":0},"end":{"line":106,"column":23}},"106":{"start":{"line":107,"column":0},"end":{"line":107,"column":25}},"107":{"start":{"line":108,"column":0},"end":{"line":108,"column":21}},"109":{"start":{"line":110,"column":0},"end":{"line":110,"column":17}},"110":{"start":{"line":111,"column":0},"end":{"line":111,"column":12}},"112":{"start":{"line":113,"column":0},"end":{"line":113,"column":14}},"113":{"start":{"line":114,"column":0},"end":{"line":114,"column":17}},"115":{"start":{"line":116,"column":0},"end":{"line":116,"column":2}},"117":{"start":{"line":118,"column":0},"end":{"line":118,"column":21}}},"s":{"0":1,"1":1,"2":1,"3":1,"23":1,"24":27,"26":27,"27":11,"28":0,"29":0,"30":0,"31":0,"32":0,"33":0,"34":0,"35":0,"36":0,"38":0,"39":11,"40":11,"41":11,"42":11,"43":11,"44":11,"45":11,"46":11,"47":11,"49":11,"51":27,"53":27,"54":27,"55":27,"56":27,"57":27,"58":99,"59":27,"60":27,"61":27,"62":27,"63":27,"64":27,"65":9,"66":9,"67":9,"68":9,"69":9,"71":27,"72":3,"73":3,"74":3,"75":3,"76":3,"78":27,"79":3,"80":3,"82":3,"83":3,"85":24,"86":3,"87":3,"88":11,"89":11,"90":3,"91":3,"92":3,"93":3,"94":3,"95":6,"96":6,"97":6,"98":6,"100":6,"101":6,"103":6,"104":6,"105":3,"106":3,"107":3,"109":3,"110":24,"112":27,"113":27,"115":27,"117":1},"branchMap":{"0":{"type":"branch","line":24,"loc":{"start":{"line":24,"column":14},"end":{"line":116,"column":2}},"locations":[{"start":{"line":24,"column":14},"end":{"line":116,"column":2}}]},"1":{"type":"branch","line":52,"loc":{"start":{"line":52,"column":53},"end":{"line":52,"column":60}},"locations":[{"start":{"line":52,"column":53},"end":{"line":52,"column":60}}]},"2":{"type":"branch","line":65,"loc":{"start":{"line":65,"column":9},"end":{"line":70,"column":15}},"locations":[{"start":{"line":65,"column":9},"end":{"line":70,"column":15}}]},"3":{"type":"branch","line":72,"loc":{"start":{"line":72,"column":19},"end":{"line":77,"column":15}},"locations":[{"start":{"line":72,"column":19},"end":{"line":77,"column":15}}]},"4":{"type":"branch","line":79,"loc":{"start":{"line":79,"column":9},"end":{"line":79,"column":38}},"locations":[{"start":{"line":79,"column":9},"end":{"line":79,"column":38}}]},"5":{"type":"branch","line":79,"loc":{"start":{"line":79,"column":33},"end":{"line":84,"column":15}},"locations":[{"start":{"line":79,"column":33},"end":{"line":84,"column":15}}]},"6":{"type":"branch","line":84,"loc":{"start":{"line":84,"column":10},"end":{"line":111,"column":12}},"locations":[{"start":{"line":84,"column":10},"end":{"line":111,"column":12}}]},"7":{"type":"branch","line":86,"loc":{"start":{"line":86,"column":10},"end":{"line":86,"column":20}},"locations":[{"start":{"line":86,"column":10},"end":{"line":86,"column":20}}]},"8":{"type":"branch","line":27,"loc":{"start":{"line":27,"column":23},"end":{"line":50,"column":4}},"locations":[{"start":{"line":27,"column":23},"end":{"line":50,"column":4}}]},"9":{"type":"branch","line":28,"loc":{"start":{"line":28,"column":20},"end":{"line":28,"column":62}},"locations":[{"start":{"line":28,"column":20},"end":{"line":28,"column":62}}]},"10":{"type":"branch","line":28,"loc":{"start":{"line":28,"column":62},"end":{"line":39,"column":5}},"locations":[{"start":{"line":28,"column":62},"end":{"line":39,"column":5}}]},"11":{"type":"branch","line":58,"loc":{"start":{"line":58,"column":22},"end":{"line":59,"column":40}},"locations":[{"start":{"line":58,"column":22},"end":{"line":59,"column":40}}]},"12":{"type":"branch","line":86,"loc":{"start":{"line":86,"column":20},"end":{"line":110,"column":17}},"locations":[{"start":{"line":86,"column":20},"end":{"line":110,"column":17}}]},"13":{"type":"branch","line":88,"loc":{"start":{"line":88,"column":26},"end":{"line":91,"column":15}},"locations":[{"start":{"line":88,"column":26},"end":{"line":91,"column":15}}]},"14":{"type":"branch","line":95,"loc":{"start":{"line":95,"column":33},"end":{"line":105,"column":31}},"locations":[{"start":{"line":95,"column":33},"end":{"line":105,"column":31}}]},"15":{"type":"branch","line":99,"loc":{"start":{"line":99,"column":56},"end":{"line":99,"column":80}},"locations":[{"start":{"line":99,"column":56},"end":{"line":99,"column":80}}]},"16":{"type":"branch","line":99,"loc":{"start":{"line":99,"column":63},"end":{"line":99,"column":94}},"locations":[{"start":{"line":99,"column":63},"end":{"line":99,"column":94}}]}},"b":{"0":[27],"1":[0],"2":[9],"3":[3],"4":[6],"5":[3],"6":[24],"7":[3],"8":[11],"9":[1],"10":[0],"11":[99],"12":[3],"13":[11],"14":[6],"15":[3],"16":[3]},"fnMap":{"0":{"name":"Table","decl":{"start":{"line":24,"column":14},"end":{"line":116,"column":2}},"loc":{"start":{"line":24,"column":14},"end":{"line":116,"column":2}},"line":24},"1":{"name":"renderColumn","decl":{"start":{"line":27,"column":23},"end":{"line":50,"column":4}},"loc":{"start":{"line":27,"column":23},"end":{"line":50,"column":4}},"line":27},"2":{"name":"onClick","decl":{"start":{"line":102,"column":33},"end":{"line":102,"column":59}},"loc":{"start":{"line":102,"column":33},"end":{"line":102,"column":59}},"line":102}},"f":{"0":27,"1":11,"2":0}}
,"C:\\Project\\discordBot\\client\\src\\components\\Table\\style.ts": {"path":"C:\\Project\\discordBot\\client\\src\\components\\Table\\style.ts","all":false,"statementMap":{"0":{"start":{"line":1,"column":0},"end":{"line":1,"column":39}},"1":{"start":{"line":2,"column":0},"end":{"line":2,"column":39}},"4":{"start":{"line":5,"column":0},"end":{"line":5,"column":45}},"5":{"start":{"line":6,"column":0},"end":{"line":6,"column":58}},"23":{"start":{"line":24,"column":0},"end":{"line":24,"column":66}},"61":{"start":{"line":62,"column":0},"end":{"line":62,"column":72}},"112":{"start":{"line":113,"column":0},"end":{"line":113,"column":67}},"115":{"start":{"line":116,"column":0},"end":{"line":116,"column":67}},"118":{"start":{"line":119,"column":0},"end":{"line":119,"column":67}}},"s":{"0":1,"1":1,"4":1,"5":1,"23":1,"61":1,"112":1,"115":1,"118":1},"branchMap":{"0":{"type":"branch","line":5,"loc":{"start":{"line":5,"column":11},"end":{"line":5,"column":43}},"locations":[{"start":{"line":5,"column":11},"end":{"line":5,"column":43}}]},"1":{"type":"branch","line":6,"loc":{"start":{"line":6,"column":22},"end":{"line":6,"column":56}},"locations":[{"start":{"line":6,"column":22},"end":{"line":6,"column":56}}]},"2":{"type":"branch","line":24,"loc":{"start":{"line":24,"column":24},"end":{"line":24,"column":64}},"locations":[{"start":{"line":24,"column":24},"end":{"line":24,"column":64}}]},"3":{"type":"branch","line":62,"loc":{"start":{"line":62,"column":31},"end":{"line":62,"column":70}},"locations":[{"start":{"line":62,"column":31},"end":{"line":62,"column":70}}]},"4":{"type":"branch","line":113,"loc":{"start":{"line":113,"column":26},"end":{"line":113,"column":65}},"locations":[{"start":{"line":113,"column":26},"end":{"line":113,"column":65}}]},"5":{"type":"branch","line":116,"loc":{"start":{"line":116,"column":26},"end":{"line":116,"column":65}},"locations":[{"start":{"line":116,"column":26},"end":{"line":116,"column":65}}]},"6":{"type":"branch","line":119,"loc":{"start":{"line":119,"column":26},"end":{"line":119,"column":65}},"locations":[{"start":{"line":119,"column":26},"end":{"line":119,"column":65}}]}},"b":{"0":[27],"1":[27],"2":[27],"3":[27],"4":[27],"5":[27],"6":[27]},"fnMap":{},"f":{}}
,"C:\\Project\\discordBot\\client\\src\\hooks\\useFetch.ts": {"path":"C:\\Project\\discordBot\\client\\src\\hooks\\useFetch.ts","all":false,"statementMap":{"0":{"start":{"line":1,"column":0},"end":{"line":1,"column":33}},"1":{"start":{"line":2,"column":0},"end":{"line":2,"column":50}},"5":{"start":{"line":6,"column":0},"end":{"line":6,"column":77}},"6":{"start":{"line":7,"column":0},"end":{"line":7,"column":48}},"7":{"start":{"line":8,"column":0},"end":{"line":8,"column":52}},"8":{"start":{"line":9,"column":0},"end":{"line":9,"column":51}},"10":{"start":{"line":11,"column":0},"end":{"line":11,"column":85}},"11":{"start":{"line":12,"column":0},"end":{"line":12,"column":21}},"12":{"start":{"line":13,"column":0},"end":{"line":13,"column":19}},"13":{"start":{"line":14,"column":0},"end":{"line":14,"column":67}},"14":{"start":{"line":15,"column":0},"end":{"line":15,"column":9}},"15":{"start":{"line":16,"column":0},"end":{"line":16,"column":43}},"16":{"start":{"line":17,"column":0},"end":{"line":17,"column":29}},"17":{"start":{"line":18,"column":0},"end":{"line":18,"column":37}},"18":{"start":{"line":19,"column":0},"end":{"line":19,"column":24}},"19":{"start":{"line":20,"column":0},"end":{"line":20,"column":50}},"20":{"start":{"line":21,"column":0},"end":{"line":21,"column":50}},"21":{"start":{"line":22,"column":0},"end":{"line":22,"column":32}},"22":{"start":{"line":23,"column":0},"end":{"line":23,"column":15}},"23":{"start":{"line":24,"column":0},"end":{"line":24,"column":24}},"24":{"start":{"line":25,"column":0},"end":{"line":25,"column":5}},"25":{"start":{"line":26,"column":0},"end":{"line":26,"column":4}},"27":{"start":{"line":28,"column":0},"end":{"line":28,"column":43}},"28":{"start":{"line":29,"column":0},"end":{"line":29,"column":2}},"30":{"start":{"line":31,"column":0},"end":{"line":31,"column":24}}},"s":{"0":1,"1":1,"5":1,"6":136,"7":136,"8":136,"10":136,"11":23,"12":23,"13":23,"14":23,"15":23,"16":16,"17":16,"18":23,"19":7,"20":7,"21":7,"22":23,"23":23,"24":23,"25":23,"27":136,"28":136,"30":1},"branchMap":{"0":{"type":"branch","line":6,"loc":{"start":{"line":6,"column":17},"end":{"line":29,"column":2}},"locations":[{"start":{"line":6,"column":17},"end":{"line":29,"column":2}}]},"1":{"type":"branch","line":11,"loc":{"start":{"line":11,"column":18},"end":{"line":26,"column":4}},"locations":[{"start":{"line":11,"column":18},"end":{"line":26,"column":4}}]},"2":{"type":"branch","line":16,"loc":{"start":{"line":16,"column":41},"end":{"line":19,"column":13}},"locations":[{"start":{"line":16,"column":41},"end":{"line":19,"column":13}}]},"3":{"type":"branch","line":19,"loc":{"start":{"line":19,"column":4},"end":{"line":23,"column":6}},"locations":[{"start":{"line":19,"column":4},"end":{"line":23,"column":6}}]},"4":{"type":"branch","line":20,"loc":{"start":{"line":20,"column":26},"end":{"line":20,"column":50}},"locations":[{"start":{"line":20,"column":26},"end":{"line":20,"column":50}}]},"5":{"type":"branch","line":21,"loc":{"start":{"line":21,"column":6},"end":{"line":21,"column":36}},"locations":[{"start":{"line":21,"column":6},"end":{"line":21,"column":36}}]},"6":{"type":"branch","line":21,"loc":{"start":{"line":21,"column":32},"end":{"line":21,"column":50}},"locations":[{"start":{"line":21,"column":32},"end":{"line":21,"column":50}}]},"7":{"type":"branch","line":23,"loc":{"start":{"line":23,"column":4},"end":{"line":23,"column":6}},"locations":[{"start":{"line":23,"column":4},"end":{"line":23,"column":6}}]}},"b":{"0":[136],"1":[23],"2":[16],"3":[7],"4":[1],"5":[1],"6":[6],"7":[0]},"fnMap":{"0":{"name":"useFetch","decl":{"start":{"line":6,"column":17},"end":{"line":29,"column":2}},"loc":{"start":{"line":6,"column":17},"end":{"line":29,"column":2}},"line":6},"1":{"name":"execute","decl":{"start":{"line":11,"column":18},"end":{"line":26,"column":4}},"loc":{"start":{"line":11,"column":18},"end":{"line":26,"column":4}},"line":11}},"f":{"0":136,"1":23}}
,"C:\\Project\\discordBot\\client\\src\\hooks\\useMediaQuery.ts": {"path":"C:\\Project\\discordBot\\client\\src\\hooks\\useMediaQuery.ts","all":false,"statementMap":{"0":{"start":{"line":1,"column":0},"end":{"line":1,"column":44}},"2":{"start":{"line":3,"column":0},"end":{"line":3,"column":42}},"3":{"start":{"line":4,"column":0},"end":{"line":4,"column":48}},"5":{"start":{"line":6,"column":0},"end":{"line":6,"column":19}},"6":{"start":{"line":7,"column":0},"end":{"line":7,"column":43}},"7":{"start":{"line":8,"column":0},"end":{"line":8,"column":36}},"8":{"start":{"line":9,"column":0},"end":{"line":9,"column":32}},"9":{"start":{"line":10,"column":0},"end":{"line":10,"column":5}},"10":{"start":{"line":11,"column":0},"end":{"line":11,"column":53}},"11":{"start":{"line":12,"column":0},"end":{"line":12,"column":47}},"12":{"start":{"line":13,"column":0},"end":{"line":13,"column":63}},"13":{"start":{"line":14,"column":0},"end":{"line":14,"column":23}},"15":{"start":{"line":16,"column":0},"end":{"line":16,"column":17}},"16":{"start":{"line":17,"column":0},"end":{"line":17,"column":2}},"17":{"start":{"line":18,"column":0},"end":{"line":18,"column":29}}},"s":{"0":1,"2":1,"3":9,"5":9,"6":3,"7":3,"8":0,"9":0,"10":3,"11":3,"12":3,"13":9,"15":9,"16":9,"17":1},"branchMap":{"0":{"type":"branch","line":3,"loc":{"start":{"line":3,"column":22},"end":{"line":17,"column":2}},"locations":[{"start":{"line":3,"column":22},"end":{"line":17,"column":2}}]},"1":{"type":"branch","line":6,"loc":{"start":{"line":6,"column":12},"end":{"line":14,"column":5}},"locations":[{"start":{"line":6,"column":12},"end":{"line":14,"column":5}}]},"2":{"type":"branch","line":8,"loc":{"start":{"line":8,"column":35},"end":{"line":10,"column":5}},"locations":[{"start":{"line":8,"column":35},"end":{"line":10,"column":5}}]},"3":{"type":"branch","line":13,"loc":{"start":{"line":13,"column":11},"end":{"line":13,"column":63}},"locations":[{"start":{"line":13,"column":11},"end":{"line":13,"column":63}}]}},"b":{"0":[9],"1":[3],"2":[0],"3":[3]},"fnMap":{"0":{"name":"useMediaQuery","decl":{"start":{"line":3,"column":22},"end":{"line":17,"column":2}},"loc":{"start":{"line":3,"column":22},"end":{"line":17,"column":2}},"line":3},"1":{"name":"listener","decl":{"start":{"line":11,"column":21},"end":{"line":11,"column":53}},"loc":{"start":{"line":11,"column":21},"end":{"line":11,"column":53}},"line":11}},"f":{"0":9,"1":0}}
,"C:\\Project\\discordBot\\client\\src\\hooks\\useOutsideClickAndEscape.ts": {"path":"C:\\Project\\discordBot\\client\\src\\hooks\\useOutsideClickAndEscape.ts","all":false,"statementMap":{"0":{"start":{"line":1,"column":0},"end":{"line":1,"column":47}},"2":{"start":{"line":3,"column":0},"end":{"line":3,"column":41}},"3":{"start":{"line":4,"column":0},"end":{"line":4,"column":23}},"4":{"start":{"line":5,"column":0},"end":{"line":5,"column":19}},"5":{"start":{"line":6,"column":0},"end":{"line":6,"column":51}},"6":{"start":{"line":7,"column":0},"end":{"line":7,"column":6}},"7":{"start":{"line":8,"column":0},"end":{"line":8,"column":40}},"8":{"start":{"line":9,"column":0},"end":{"line":9,"column":28}},"9":{"start":{"line":10,"column":0},"end":{"line":10,"column":47}},"10":{"start":{"line":11,"column":0},"end":{"line":11,"column":83}},"11":{"start":{"line":12,"column":0},"end":{"line":12,"column":21}},"12":{"start":{"line":13,"column":0},"end":{"line":13,"column":9}},"13":{"start":{"line":14,"column":0},"end":{"line":14,"column":7}},"14":{"start":{"line":15,"column":0},"end":{"line":15,"column":6}},"15":{"start":{"line":16,"column":0},"end":{"line":16,"column":34}},"16":{"start":{"line":17,"column":0},"end":{"line":17,"column":4}},"18":{"start":{"line":19,"column":0},"end":{"line":19,"column":38}},"19":{"start":{"line":20,"column":0},"end":{"line":20,"column":31}},"20":{"start":{"line":21,"column":0},"end":{"line":21,"column":73}},"21":{"start":{"line":22,"column":0},"end":{"line":22,"column":19}},"22":{"start":{"line":23,"column":0},"end":{"line":23,"column":7}},"23":{"start":{"line":24,"column":0},"end":{"line":24,"column":6}},"24":{"start":{"line":25,"column":0},"end":{"line":25,"column":24}},"25":{"start":{"line":26,"column":0},"end":{"line":26,"column":4}},"27":{"start":{"line":28,"column":0},"end":{"line":28,"column":19}},"28":{"start":{"line":29,"column":0},"end":{"line":29,"column":18}},"29":{"start":{"line":30,"column":0},"end":{"line":30,"column":64}},"30":{"start":{"line":31,"column":0},"end":{"line":31,"column":60}},"31":{"start":{"line":32,"column":0},"end":{"line":32,"column":12}},"32":{"start":{"line":33,"column":0},"end":{"line":33,"column":67}},"33":{"start":{"line":34,"column":0},"end":{"line":34,"column":63}},"34":{"start":{"line":35,"column":0},"end":{"line":35,"column":5}},"35":{"start":{"line":36,"column":0},"end":{"line":36,"column":18}},"36":{"start":{"line":37,"column":0},"end":{"line":37,"column":67}},"37":{"start":{"line":38,"column":0},"end":{"line":38,"column":63}},"38":{"start":{"line":39,"column":0},"end":{"line":39,"column":6}},"39":{"start":{"line":40,"column":0},"end":{"line":40,"column":52}},"40":{"start":{"line":41,"column":0},"end":{"line":41,"column":2}}},"s":{"0":1,"2":1,"3":72,"4":72,"5":72,"6":72,"7":72,"8":72,"9":0,"10":0,"11":0,"12":0,"13":0,"14":0,"15":72,"16":72,"18":72,"19":72,"20":0,"21":0,"22":0,"23":0,"24":72,"25":72,"27":72,"28":24,"29":0,"30":0,"31":24,"32":24,"33":24,"34":24,"35":24,"36":24,"37":24,"38":24,"39":72,"40":72},"branchMap":{"0":{"type":"branch","line":3,"loc":{"start":{"line":3,"column":40},"end":{"line":41,"column":2}},"locations":[{"start":{"line":3,"column":40},"end":{"line":41,"column":2}}]},"1":{"type":"branch","line":28,"loc":{"start":{"line":28,"column":12},"end":{"line":40,"column":5}},"locations":[{"start":{"line":28,"column":12},"end":{"line":40,"column":5}}]},"2":{"type":"branch","line":29,"loc":{"start":{"line":29,"column":17},"end":{"line":32,"column":11}},"locations":[{"start":{"line":29,"column":17},"end":{"line":32,"column":11}}]},"3":{"type":"branch","line":36,"loc":{"start":{"line":36,"column":11},"end":{"line":39,"column":6}},"locations":[{"start":{"line":36,"column":11},"end":{"line":39,"column":6}}]}},"b":{"0":[72],"1":[24],"2":[0],"3":[24]},"fnMap":{"0":{"name":"useOutsideClickAndEscape","decl":{"start":{"line":3,"column":40},"end":{"line":41,"column":2}},"loc":{"start":{"line":3,"column":40},"end":{"line":41,"column":2}},"line":3}},"f":{"0":72}}
,"C:\\Project\\discordBot\\client\\src\\pages\\index.tsx": {"path":"C:\\Project\\discordBot\\client\\src\\pages\\index.tsx","all":true,"statementMap":{"0":{"start":{"line":1,"column":0},"end":{"line":1,"column":64}},"1":{"start":{"line":2,"column":0},"end":{"line":2,"column":55}},"2":{"start":{"line":3,"column":0},"end":{"line":3,"column":58}},"3":{"start":{"line":4,"column":0},"end":{"line":4,"column":50}},"4":{"start":{"line":5,"column":0},"end":{"line":5,"column":52}},"5":{"start":{"line":6,"column":0},"end":{"line":6,"column":60}},"6":{"start":{"line":7,"column":0},"end":{"line":7,"column":41}},"8":{"start":{"line":9,"column":0},"end":{"line":9,"column":42}},"9":{"start":{"line":10,"column":0},"end":{"line":10,"column":52}},"10":{"start":{"line":11,"column":0},"end":{"line":11,"column":52}},"11":{"start":{"line":12,"column":0},"end":{"line":12,"column":48}},"13":{"start":{"line":14,"column":0},"end":{"line":14,"column":16}},"14":{"start":{"line":15,"column":0},"end":{"line":15,"column":10}},"15":{"start":{"line":16,"column":0},"end":{"line":16,"column":19}},"16":{"start":{"line":17,"column":0},"end":{"line":17,"column":40}},"17":{"start":{"line":18,"column":0},"end":{"line":18,"column":16}},"18":{"start":{"line":19,"column":0},"end":{"line":19,"column":18}},"19":{"start":{"line":20,"column":0},"end":{"line":20,"column":50}},"20":{"start":{"line":21,"column":0},"end":{"line":21,"column":86}},"21":{"start":{"line":22,"column":0},"end":{"line":22,"column":15}},"22":{"start":{"line":23,"column":0},"end":{"line":23,"column":19}},"23":{"start":{"line":24,"column":0},"end":{"line":24,"column":17}},"24":{"start":{"line":25,"column":0},"end":{"line":25,"column":26}},"25":{"start":{"line":26,"column":0},"end":{"line":26,"column":27}},"26":{"start":{"line":27,"column":0},"end":{"line":27,"column":23}},"27":{"start":{"line":28,"column":0},"end":{"line":28,"column":25}},"28":{"start":{"line":29,"column":0},"end":{"line":29,"column":24}},"29":{"start":{"line":30,"column":0},"end":{"line":30,"column":26}},"30":{"start":{"line":31,"column":0},"end":{"line":31,"column":22}},"31":{"start":{"line":32,"column":0},"end":{"line":32,"column":20}},"33":{"start":{"line":34,"column":0},"end":{"line":34,"column":1}},"35":{"start":{"line":36,"column":0},"end":{"line":36,"column":19}}},"s":{"0":0,"1":0,"2":0,"3":0,"4":0,"5":0,"6":0,"8":0,"9":0,"10":0,"11":0,"13":0,"14":0,"15":0,"16":0,"17":0,"18":0,"19":0,"20":0,"21":0,"22":0,"23":0,"24":0,"25":0,"26":0,"27":0,"28":0,"29":0,"30":0,"31":0,"33":0,"35":0},"branchMap":{"0":{"type":"branch","line":1,"loc":{"start":{"line":1,"column":901},"end":{"line":36,"column":-656}},"locations":[{"start":{"line":1,"column":901},"end":{"line":36,"column":-656}}]}},"b":{"0":[0]},"fnMap":{"0":{"name":"(empty-report)","decl":{"start":{"line":1,"column":901},"end":{"line":36,"column":-656}},"loc":{"start":{"line":1,"column":901},"end":{"line":36,"column":-656}},"line":1}},"f":{"0":0}}
,"C:\\Project\\discordBot\\client\\src\\pages\\Messages\\index.tsx": {"path":"C:\\Project\\discordBot\\client\\src\\pages\\Messages\\index.tsx","all":false,"statementMap":{"0":{"start":{"line":1,"column":0},"end":{"line":1,"column":43}},"1":{"start":{"line":2,"column":0},"end":{"line":2,"column":51}},"2":{"start":{"line":3,"column":0},"end":{"line":3,"column":39}},"3":{"start":{"line":4,"column":0},"end":{"line":4,"column":40}},"4":{"start":{"line":5,"column":0},"end":{"line":5,"column":40}},"5":{"start":{"line":6,"column":0},"end":{"line":6,"column":50}},"6":{"start":{"line":7,"column":0},"end":{"line":7,"column":55}},"7":{"start":{"line":8,"column":0},"end":{"line":8,"column":47}},"9":{"start":{"line":10,"column":0},"end":{"line":10,"column":67}},"10":{"start":{"line":11,"column":0},"end":{"line":11,"column":52}},"11":{"start":{"line":12,"column":0},"end":{"line":12,"column":51}},"12":{"start":{"line":13,"column":0},"end":{"line":13,"column":44}},"13":{"start":{"line":14,"column":0},"end":{"line":14,"column":39}},"15":{"start":{"line":16,"column":0},"end":{"line":16,"column":24}},"16":{"start":{"line":17,"column":0},"end":{"line":17,"column":94}},"17":{"start":{"line":18,"column":0},"end":{"line":18,"column":23}},"18":{"start":{"line":19,"column":0},"end":{"line":19,"column":20}},"19":{"start":{"line":20,"column":0},"end":{"line":20,"column":5}},"20":{"start":{"line":21,"column":0},"end":{"line":21,"column":87}},"21":{"start":{"line":22,"column":0},"end":{"line":22,"column":16}},"22":{"start":{"line":23,"column":0},"end":{"line":23,"column":15}},"23":{"start":{"line":24,"column":0},"end":{"line":24,"column":5}},"25":{"start":{"line":26,"column":0},"end":{"line":26,"column":93}},"26":{"start":{"line":27,"column":0},"end":{"line":27,"column":97}},"27":{"start":{"line":28,"column":0},"end":{"line":28,"column":73}},"29":{"start":{"line":30,"column":0},"end":{"line":30,"column":47}},"30":{"start":{"line":31,"column":0},"end":{"line":31,"column":9}},"31":{"start":{"line":32,"column":0},"end":{"line":32,"column":18}},"32":{"start":{"line":33,"column":0},"end":{"line":33,"column":29}},"33":{"start":{"line":34,"column":0},"end":{"line":34,"column":25}},"34":{"start":{"line":35,"column":0},"end":{"line":35,"column":33}},"35":{"start":{"line":36,"column":0},"end":{"line":36,"column":72}},"36":{"start":{"line":37,"column":0},"end":{"line":37,"column":92}},"37":{"start":{"line":38,"column":0},"end":{"line":38,"column":10}},"38":{"start":{"line":39,"column":0},"end":{"line":39,"column":4}},"40":{"start":{"line":41,"column":0},"end":{"line":41,"column":85}},"41":{"start":{"line":42,"column":0},"end":{"line":42,"column":22}},"42":{"start":{"line":43,"column":0},"end":{"line":43,"column":13}},"43":{"start":{"line":44,"column":0},"end":{"line":44,"column":4}},"45":{"start":{"line":46,"column":0},"end":{"line":46,"column":71}},"46":{"start":{"line":47,"column":0},"end":{"line":47,"column":7}},"47":{"start":{"line":48,"column":0},"end":{"line":48,"column":38}},"48":{"start":{"line":49,"column":0},"end":{"line":49,"column":55}},"49":{"start":{"line":50,"column":0},"end":{"line":50,"column":7}},"50":{"start":{"line":51,"column":0},"end":{"line":51,"column":7}},"51":{"start":{"line":52,"column":0},"end":{"line":52,"column":38}},"52":{"start":{"line":53,"column":0},"end":{"line":53,"column":50}},"53":{"start":{"line":54,"column":0},"end":{"line":54,"column":55}},"54":{"start":{"line":55,"column":0},"end":{"line":55,"column":53}},"55":{"start":{"line":56,"column":0},"end":{"line":56,"column":55}},"56":{"start":{"line":57,"column":0},"end":{"line":57,"column":53}},"57":{"start":{"line":58,"column":0},"end":{"line":58,"column":8}},"59":{"start":{"line":60,"column":0},"end":{"line":60,"column":30}},"60":{"start":{"line":61,"column":0},"end":{"line":61,"column":71}},"61":{"start":{"line":62,"column":0},"end":{"line":62,"column":4}},"63":{"start":{"line":64,"column":0},"end":{"line":64,"column":91}},"64":{"start":{"line":65,"column":0},"end":{"line":65,"column":64}},"65":{"start":{"line":66,"column":0},"end":{"line":66,"column":68}},"66":{"start":{"line":67,"column":0},"end":{"line":67,"column":4}},"67":{"start":{"line":68,"column":0},"end":{"line":68,"column":93}},"68":{"start":{"line":69,"column":0},"end":{"line":69,"column":63}},"69":{"start":{"line":70,"column":0},"end":{"line":70,"column":70}},"70":{"start":{"line":71,"column":0},"end":{"line":71,"column":4}},"72":{"start":{"line":73,"column":0},"end":{"line":73,"column":37}},"73":{"start":{"line":74,"column":0},"end":{"line":74,"column":58}},"74":{"start":{"line":75,"column":0},"end":{"line":75,"column":15}},"75":{"start":{"line":76,"column":0},"end":{"line":76,"column":46}},"76":{"start":{"line":77,"column":0},"end":{"line":77,"column":54}},"77":{"start":{"line":78,"column"
[...]
},"end":{"line":1,"column":40}},"1":{"start":{"line":2,"column":0},"end":{"line":2,"column":38}},"2":{"start":{"line":3,"column":0},"end":{"line":3,"column":42}},"3":{"start":{"line":4,"column":0},"end":{"line":4,"column":40}},"4":{"start":{"line":5,"column":0},"end":{"line":5,"column":47}},"7":{"start":{"line":8,"column":0},"end":{"line":8,"column":39}},"8":{"start":{"line":9,"column":0},"end":{"line":9,"column":3}},"9":{"start":{"line":10,"column":0},"end":{"line":10,"column":25}},"10":{"start":{"line":11,"column":0},"end":{"line":11,"column":21}},"11":{"start":{"line":12,"column":0},"end":{"line":12,"column":24}},"12":{"start":{"line":13,"column":0},"end":{"line":13,"column":14}},"13":{"start":{"line":14,"column":0},"end":{"line":14,"column":4}},"14":{"start":{"line":15,"column":0},"end":{"line":15,"column":3}},"15":{"start":{"line":16,"column":0},"end":{"line":16,"column":24}},"16":{"start":{"line":17,"column":0},"end":{"line":17,"column":20}},"17":{"start":{"line":18,"column":0},"end":{"line":18,"column":23}},"18":{"start":{"line":19,"column":0},"end":{"line":19,"column":21}},"19":{"start":{"line":20,"column":0},"end":{"line":20,"column":4}},"20":{"start":{"line":21,"column":0},"end":{"line":21,"column":3}},"21":{"start":{"line":22,"column":0},"end":{"line":22,"column":26}},"22":{"start":{"line":23,"column":0},"end":{"line":23,"column":22}},"23":{"start":{"line":24,"column":0},"end":{"line":24,"column":25}},"24":{"start":{"line":25,"column":0},"end":{"line":25,"column":23}},"25":{"start":{"line":26,"column":0},"end":{"line":26,"column":4}},"26":{"start":{"line":27,"column":0},"end":{"line":27,"column":3}},"27":{"start":{"line":28,"column":0},"end":{"line":28,"column":25}},"28":{"start":{"line":29,"column":0},"end":{"line":29,"column":21}},"29":{"start":{"line":30,"column":0},"end":{"line":30,"column":24}},"30":{"start":{"line":31,"column":0},"end":{"line":31,"column":14}},"31":{"start":{"line":32,"column":0},"end":{"line":32,"column":4}},"32":{"start":{"line":33,"column":0},"end":{"line":33,"column":2}}},"s":{"0":0,"1":0,"2":0,"3":0,"4":0,"7":0,"8":0,"9":0,"10":0,"11":0,"12":0,"13":0,"14":0,"15":0,"16":0,"17":0,"18":0,"19":0,"20":0,"21":0,"22":0,"23":0,"24":0,"25":0,"26":0,"27":0,"28":0,"29":0,"30":0,"31":0,"32":0},"branchMap":{"0":{"type":"branch","line":1,"loc":{"start":{"line":1,"column":747},"end":{"line":33,"column":2}},"locations":[{"start":{"line":1,"column":747},"end":{"line":33,"column":2}}]}},"b":{"0":[0]},"fnMap":{"0":{"name":"(empty-report)","decl":{"start":{"line":1,"column":747},"end":{"line":33,"column":2}},"loc":{"start":{"line":1,"column":747},"end":{"line":33,"column":2}},"line":1}},"f":{"0":0}}
,"C:\\Project\\discordBot\\client\\src\\styles\\global-btn.ts": {"path":"C:\\Project\\discordBot\\client\\src\\styles\\global-btn.ts","all":true,"statementMap":{"0":{"start":{"line":1,"column":0},"end":{"line":1,"column":54}},"2":{"start":{"line":3,"column":0},"end":{"line":3,"column":47}},"5":{"start":{"line":6,"column":0},"end":{"line":6,"column":60}},"11":{"start":{"line":12,"column":0},"end":{"line":12,"column":48}},"23":{"start":{"line":24,"column":0},"end":{"line":24,"column":66}},"30":{"start":{"line":31,"column":0},"end":{"line":31,"column":49}},"41":{"start":{"line":42,"column":0},"end":{"line":42,"column":66}},"48":{"start":{"line":49,"column":0},"end":{"line":49,"column":49}},"60":{"start":{"line":61,"column":0},"end":{"line":61,"column":60}},"67":{"start":{"line":68,"column":0},"end":{"line":68,"column":49}}},"s":{"0":0,"2":0,"5":0,"11":0,"23":0,"30":0,"41":0,"48":0,"60":0,"67":0},"branchMap":{"0":{"type":"branch","line":1,"loc":{"start":{"line":1,"column":1801},"end":{"line":79,"column":2}},"locations":[{"start":{"line":1,"column":1801},"end":{"line":79,"column":2}}]}},"b":{"0":[0]},"fnMap":{"0":{"name":"(empty-report)","decl":{"start":{"line":1,"column":1801},"end":{"line":79,"column":2}},"loc":{"start":{"line":1,"column":1801},"end":{"line":79,"column":2}},"line":1}},"f":{"0":0}}
,"C:\\Project\\discordBot\\client\\src\\styles\\global-colors.ts": {"path":"C:\\Project\\discordBot\\client\\src\\styles\\global-colors.ts","all":true,"statementMap":{"0":{"start":{"line":1,"column":0},"end":{"line":1,"column":27}},"1":{"start":{"line":2,"column":0},"end":{"line":2,"column":23}},"2":{"start":{"line":3,"column":0},"end":{"line":3,"column":24}},"3":{"start":{"line":4,"column":0},"end":{"line":4,"column":27}},"4":{"start":{"line":5,"column":0},"end":{"line":5,"column":25}},"5":{"start":{"line":6,"column":0},"end":{"line":6,"column":25}},"6":{"start":{"line":7,"column":0},"end":{"line":7,"column":31}},"7":{"start":{"line":8,"column":0},"end":{"line":8,"column":27}},"8":{"start":{"line":9,"column":0},"end":{"line":9,"column":29}},"9":{"start":{"line":10,"column":0},"end":{"line":10,"column":22}},"10":{"start":{"line":11,"column":0},"end":{"line":11,"column":37}},"11":{"start":{"line":12,"column":0},"end":{"line":12,"column":31}},"12":{"start":{"line":13,"column":0},"end":{"line":13,"column":30}},"13":{"start":{"line":14,"column":0},"end":{"line":14,"column":51}},"14":{"start":{"line":15,"column":0},"end":{"line":15,"column":30}},"15":{"start":{"line":16,"column":0},"end":{"line":16,"column":35}},"16":{"start":{"line":17,"column":0},"end":{"line":17,"column":28}},"17":{"start":{"line":18,"column":0},"end":{"line":18,"column":30}},"18":{"start":{"line":19,"column":0},"end":{"line":19,"column":26}},"19":{"start":{"line":20,"column":0},"end":{"line":20,"column":30}},"20":{"start":{"line":21,"column":0},"end":{"line":21,"column":47}},"21":{"start":{"line":22,"column":0},"end":{"line":22,"column":27}},"22":{"start":{"line":23,"column":0},"end":{"line":23,"column":30}},"23":{"start":{"line":24,"column":0},"end":{"line":24,"column":30}},"24":{"start":{"line":25,"column":0},"end":{"line":25,"column":33}},"25":{"start":{"line":26,"column":0},"end":{"line":26,"column":2}}},"s":{"0":0,"1":0,"2":0,"3":0,"4":0,"5":0,"6":0,"7":0,"8":0,"9":0,"10":0,"11":0,"12":0,"13":0,"14":0,"15":0,"16":0,"17":0,"18":0,"19":0,"20":0,"21":0,"22":0,"23":0,"24":0,"25":0},"branchMap":{"0":{"type":"branch","line":1,"loc":{"start":{"line":1,"column":807},"end":{"line":26,"column":2}},"locations":[{"start":{"line":1,"column":807},"end":{"line":26,"column":2}}]}},"b":{"0":[0]},"fnMap":{"0":{"name":"(empty-report)","decl":{"start":{"line":1,"column":807},"end":{"line":26,"column":2}},"loc":{"start":{"line":1,"column":807},"end":{"line":26,"column":2}},"line":1}},"f":{"0":0}}
,"C:\\Project\\discordBot\\client\\src\\styles\\global-default.ts": {"path":"C:\\Project\\discordBot\\client\\src\\styles\\global-default.ts","all":true,"statementMap":{"0":{"start":{"line":1,"column":0},"end":{"line":1,"column":54}},"1":{"start":{"line":2,"column":0},"end":{"line":2,"column":49}},"3":{"start":{"line":4,"column":0},"end":{"line":4,"column":46}},"43":{"start":{"line":44,"column":0},"end":{"line":44,"column":28}},"50":{"start":{"line":51,"column":0},"end":{"line":51,"column":47}},"58":{"start":{"line":59,"column":0},"end":{"line":59,"column":66}},"64":{"start":{"line":65,"column":0},"end":{"line":65,"column":68}},"73":{"start":{"line":74,"column":0},"end":{"line":74,"column":62}},"82":{"start":{"line":83,"column":0},"end":{"line":83,"column":57}},"85":{"start":{"line":86,"column":0},"end":{"line":86,"column":47}},"89":{"start":{"line":90,"column":0},"end":{"line":90,"column":47}},"94":{"start":{"line":95,"column":0},"end":{"line":95,"column":57}},"99":{"start":{"line":100,"column":0},"end":{"line":100,"column":47}}},"s":{"0":0,"1":0,"3":0,"43":0,"50":0,"58":0,"64":0,"73":0,"82":0,"85":0,"89":0,"94":0,"99":0},"branchMap":{"0":{"type":"branch","line":1,"loc":{"start":{"line":1,"column":2407},"end":{"line":108,"column":2}},"locations":[{"start":{"line":1,"column":2407},"end":{"line":108,"column":2}}]}},"b":{"0":[0]},"fnMap":{"0":{"name":"(empty-report)","decl":{"start":{"line":1,"column":2407},"end":{"line":108,"column":2}},"loc":{"start":{"line":1,"column":2407},"end":{"line":108,"column":2}},"line":1}},"f":{"0":0}}
,"C:\\Project\\discordBot\\client\\src\\styles\\global-fonts.ts": {"path":"C:\\Project\\discordBot\\client\\src\\styles\\global-fonts.ts","all":true,"statementMap":{"0":{"start":{"line":1,"column":0},"end":{"line":1,"column":54}},"2":{"start":{"line":3,"column":0},"end":{"line":3,"column":45}}},"s":{"0":0,"2":0},"branchMap":{"0":{"type":"branch","line":1,"loc":{"start":{"line":1,"column":579},"end":{"line":36,"column":2}},"locations":[{"start":{"line":1,"column":579},"end":{"line":36,"column":2}}]}},"b":{"0":[0]},"fnMap":{"0":{"name":"(empty-report)","decl":{"start":{"line":1,"column":579},"end":{"line":36,"column":2}},"loc":{"start":{"line":1,"column":579},"end":{"line":36,"column":2}},"line":1}},"f":{"0":0}}
,"C:\\Project\\discordBot\\client\\src\\styles\\global-position.ts": {"path":"C:\\Project\\discordBot\\client\\src\\styles\\global-position.ts","all":true,"statementMap":{"0":{"start":{"line":1,"column":0},"end":{"line":1,"column":54}},"2":{"start":{"line":3,"column":0},"end":{"line":3,"column":48}}},"s":{"0":0,"2":0},"branchMap":{"0":{"type":"branch","line":1,"loc":{"start":{"line":1,"column":810},"end":{"line":41,"column":2}},"locations":[{"start":{"line":1,"column":810},"end":{"line":41,"column":2}}]}},"b":{"0":[0]},"fnMap":{"0":{"name":"(empty-report)","decl":{"start":{"line":1,"column":810},"end":{"line":41,"column":2}},"loc":{"start":{"line":1,"column":810},"end":{"line":41,"column":2}},"line":1}},"f":{"0":0}}
,"C:\\Project\\discordBot\\client\\src\\styles\\global-veriables.ts": {"path":"C:\\Project\\discordBot\\client\\src\\styles\\global-veriables.ts","all":true,"statementMap":{"0":{"start":{"line":1,"column":0},"end":{"line":1,"column":54}},"2":{"start":{"line":3,"column":0},"end":{"line":3,"column":49}}},"s":{"0":0,"2":0},"branchMap":{"0":{"type":"branch","line":1,"loc":{"start":{"line":1,"column":315},"end":{"line":13,"column":2}},"locations":[{"start":{"line":1,"column":315},"end":{"line":13,"column":2}}]}},"b":{"0":[0]},"fnMap":{"0":{"name":"(empty-report)","decl":{"start":{"line":1,"column":315},"end":{"line":13,"column":2}},"loc":{"start":{"line":1,"column":315},"end":{"line":13,"column":2}},"line":1}},"f":{"0":0}}
,"C:\\Project\\discordBot\\client\\src\\utils\\helpers.ts": {"path":"C:\\Project\\discordBot\\client\\src\\utils\\helpers.ts","all":false,"statementMap":{"0":{"start":{"line":1,"column":0},"end":{"line":1,"column":54}},"1":{"start":{"line":2,"column":0},"end":{"line":2,"column":37}},"2":{"start":{"line":3,"column":0},"end":{"line":3,"column":2}},"4":{"start":{"line":5,"column":0},"end":{"line":5,"column":53}},"5":{"start":{"line":6,"column":0},"end":{"line":6,"column":27}},"6":{"start":{"line":7,"column":0},"end":{"line":7,"column":31}},"7":{"start":{"line":8,"column":0},"end":{"line":8,"column":58}},"8":{"start":{"line":9,"column":0},"end":{"line":9,"column":51}},"9":{"start":{"line":10,"column":0},"end":{"line":10,"column":35}},"10":{"start":{"line":11,"column":0},"end":{"line":11,"column":2}}},"s":{"0":1,"1":41,"2":41,"4":1,"5":4,"6":4,"7":4,"8":4,"9":4,"10":4},"branchMap":{"0":{"type":"branch","line":1,"loc":{"start":{"line":1,"column":28},"end":{"line":3,"column":2}},"locations":[{"start":{"line":1,"column":28},"end":{"line":3,"column":2}}]},"1":{"type":"branch","line":2,"loc":{"start":{"line":2,"column":9},"end":{"line":2,"column":33}},"locations":[{"start":{"line":2,"column":9},"end":{"line":2,"column":33}}]},"2":{"type":"branch","line":2,"loc":{"start":{"line":2,"column":29},"end":{"line":2,"column":37}},"locations":[{"start":{"line":2,"column":29},"end":{"line":2,"column":37}}]},"3":{"type":"branch","line":5,"loc":{"start":{"line":5,"column":26},"end":{"line":11,"column":2}},"locations":[{"start":{"line":5,"column":26},"end":{"line":11,"column":2}}]}},"b":{"0":[41],"1":[2],"2":[39],"3":[4]},"fnMap":{"0":{"name":"displayValue","decl":{"start":{"line":1,"column":28},"end":{"line":3,"column":2}},"loc":{"start":{"line":1,"column":28},"end":{"line":3,"column":2}},"line":1},"1":{"name":"formatDate","decl":{"start":{"line":5,"column":26},"end":{"line":11,"column":2}},"loc":{"start":{"line":5,"column":26},"end":{"line":11,"column":2}},"line":5}},"f":{"0":41,"1":4}}
,"C:\\Project\\discordBot\\client\\src\\utils\\interface\\dropdown.ts": {"path":"C:\\Project\\discordBot\\client\\src\\utils\\interface\\dropdown.ts","all":true,"statementMap":{},"s":{},"branchMap":{"0":{"type":"branch","line":1,"loc":{"start":{"line":1,"column":74},"end":{"line":4,"column":1}},"locations":[{"start":{"line":1,"column":74},"end":{"line":4,"column":1}}]}},"b":{"0":[1]},"fnMap":{"0":{"name":"(empty-report)","decl":{"start":{"line":1,"column":74},"end":{"line":4,"column":1}},"loc":{"start":{"line":1,"column":74},"end":{"line":4,"column":1}},"line":1}},"f":{"0":1}}
,"C:\\Project\\discordBot\\client\\src\\utils\\interface\\message.ts": {"path":"C:\\Project\\discordBot\\client\\src\\utils\\interface\\message.ts","all":false,"statementMap":{"24":{"start":{"line":25,"column":0},"end":{"line":25,"column":61}},"25":{"start":{"line":26,"column":0},"end":{"line":26,"column":16}},"26":{"start":{"line":27,"column":0},"end":{"line":27,"column":17}},"27":{"start":{"line":28,"column":0},"end":{"line":28,"column":17}},"28":{"start":{"line":29,"column":0},"end":{"line":29,"column":2}}},"s":{"24":1,"25":1,"26":1,"27":1,"28":1},"branchMap":{},"b":{},"fnMap":{},"f":{}}
,"C:\\Project\\discordBot\\client\\src\\utils\\interface\\modal.ts": {"path":"C:\\Project\\discordBot\\client\\src\\utils\\interface\\modal.ts","all":false,"statementMap":{"5":{"start":{"line":6,"column":0},"end":{"line":6,"column":41}},"6":{"start":{"line":7,"column":0},"end":{"line":7,"column":20}},"7":{"start":{"line":8,"column":0},"end":{"line":8,"column":12}},"8":{"start":{"line":9,"column":0},"end":{"line":9,"column":2}}},"s":{"5":1,"6":1,"7":1,"8":1},"branchMap":{},"b":{},"fnMap":{},"f":{}}
,"C:\\Project\\discordBot\\client\\src\\utils\\interface\\profile.ts": {"path":"C:\\Project\\discordBot\\client\\src\\utils\\interface\\profile.ts","all":true,"statementMap":{},"s":{},"branchMap":{"0":{"type":"branch","line":1,"loc":{"start":{"line":1,"column":400},"end":{"line":16,"column":1}},"locations":[{"start":{"line":1,"column":400},"end":{"line":16,"column":1}}]}},"b":{"0":[1]},"fnMap":{"0":{"name":"(empty-report)","decl":{"start":{"line":1,"column":400},"end":{"line":16,"column":1}},"loc":{"start":{"line":1,"column":400},"end":{"line":16,"column":1}},"line":1}},"f":{"0":1}}
,"C:\\Project\\discordBot\\client\\src\\utils\\interface\\router.ts": {"path":"C:\\Project\\discordBot\\client\\src\\utils\\interface\\router.ts","all":true,"statementMap":{},"s":{},"branchMap":{"0":{"type":"branch","line":1,"loc":{"start":{"line":1,"column":117},"end":{"line":6,"column":1}},"locations":[{"start":{"line":1,"column":117},"end":{"line":6,"column":1}}]}},"b":{"0":[1]},"fnMap":{"0":{"name":"(empty-report)","decl":{"start":{"line":1,"column":117},"end":{"line":6,"column":1}},"loc":{"start":{"line":1,"column":117},"end":{"line":6,"column":1}},"line":1}},"f":{"0":1}}
,"C:\\Project\\discordBot\\client\\src\\utils\\interface\\sprint.ts": {"path":"C:\\Project\\discordBot\\client\\src\\utils\\interface\\sprint.ts","all":false,"statementMap":{"5":{"start":{"line":6,"column":0},"end":{"line":6,"column":53}},"6":{"start":{"line":7,"column":0},"end":{"line":7,"column":11}},"7":{"start":{"line":8,"column":0},"end":{"line":8,"column":12}},"8":{"start":{"line":9,"column":0},"end":{"line":9,"column":2}}},"s":{"5":1,"6":1,"7":1,"8":1},"branchMap":{},"b":{},"fnMap":{},"f":{}}
,"C:\\Project\\discordBot\\client\\src\\utils\\interface\\table.ts": {"path":"C:\\Project\\discordBot\\client\\src\\utils\\interface\\table.ts","all":true,"statementMap":{},"s":{},"branchMap":{"0":{"type":"branch","line":1,"loc":{"start":{"line":1,"column":70},"end":{"line":4,"column":1}},"locations":[{"start":{"line":1,"column":70},"end":{"line":4,"column":1}}]}},"b":{"0":[1]},"fnMap":{"0":{"name":"(empty-report)","decl":{"start":{"line":1,"column":70},"end":{"line":4,"column":1}},"loc":{"start":{"line":1,"column":70},"end":{"line":4,"column":1}},"line":1}},"f":{"0":1}}
,"C:\\Project\\discordBot\\client\\src\\utils\\interface\\template.ts": {"path":"C:\\Project\\discordBot\\client\\src\\utils\\interface\\template.ts","all":false,"statementMap":{"7":{"start":{"line":8,"column":0},"end":{"line":8,"column":51}},"8":{"start":{"line":9,"column":0},"end":{"line":9,"column":11}},"9":{"start":{"line":10,"column":0},"end":{"line":10,"column":2}}},"s":{"7":1,"8":1,"9":1},"branchMap":{},"b":{},"fnMap":{},"f":{}}
,"C:\\Project\\discordBot\\client\\src\\utils\\media\\breakpoints.ts": {"path":"C:\\Project\\discordBot\\client\\src\\utils\\media\\breakpoints.ts","all":false,"statementMap":{"0":{"start":{"line":1,"column":0},"end":{"line":1,"column":21}},"1":{"start":{"line":2,"column":0},"end":{"line":2,"column":19}},"2":{"start":{"line":3,"column":0},"end":{"line":3,"column":19}},"3":{"start":{"line":4,"column":0},"end":{"line":4,"column":19}},"4":{"start":{"line":5,"column":0},"end":{"line":5,"column":18}},"5":{"start":{"line":6,"column":0},"end":{"line":6,"column":19}},"6":{"start":{"line":7,"column":0},"end":{"line":7,"column":20}},"7":{"start":{"line":8,"column":0},"end":{"line":8,"column":20}},"8":{"start":{"line":9,"column":0},"end":{"line":9,"column":2}}},"s":{"0":1,"1":1,"2":1,"3":1,"4":1,"5":1,"6":1,"7":1,"8":1},"branchMap":{},"b":{},"fnMap":{},"f":{}}
,"C:\\Project\\discordBot\\client\\src\\utils\\media\\devices_media.ts": {"path":"C:\\Project\\discordBot\\client\\src\\utils\\media\\devices_media.ts","all":false,"statementMap":{"0":{"start":{"line":1,"column":0},"end":{"line":1,"column":37}},"2":{"start":{"line":3,"column":0},"end":{"line":3,"column":22}},"3":{"start":{"line":4,"column":0},"end":{"line":4,"column":42}},"4":{"start":{"line":5,"column":0},"end":{"line":5,"column":42}},"5":{"start":{"line":6,"column":0},"end":{"line":6,"column":42}},"6":{"start":{"line":7,"column":0},"end":{"line":7,"column":40}},"7":{"start":{"line":8,"column":0},"end":{"line":8,"column":41}},"8":{"start":{"line":9,"column":0},"end":{"line":9,"column":42}},"9":{"start":{"line":10,"column":0},"end":{"line":10,"column":42}},"10":{"start":{"line":11,"column":0},"end":{"line":11,"column":43}},"11":{"start":{"line":12,"column":0},"end":{"line":12,"column":2}}},"s":{"0":1,"2":1,"3":1,"4":1,"5":1,"6":1,"7":1,"8":1,"9":1,"10":1,"11":1},"branchMap":{},"b":{},"fnMap":{},"f":{}}
,"C:\\Project\\discordBot\\client\\src\\utils\\types\\buttons.ts": {"path":"C:\\Project\\discordBot\\client\\src\\utils\\types\\buttons.ts","all":false,"statementMap":{"0":{"start":{"line":1,"column":0},"end":{"line":1,"column":24}},"1":{"start":{"line":2,"column":0},"end":{"line":2,"column":11}},"2":{"start":{"line":3,"column":0},"end":{"line":3,"column":13}}},"s":{"0":1,"1":1,"2":1},"branchMap":{"0":{"type":"branch","line":1,"loc":{"start":{"line":1,"column":7},"end":{"line":1,"column":24}},"locations":[{"start":{"line":1,"column":7},"end":{"line":1,"column":24}}]}},"b":{"0":[3]},"fnMap":{},"f":{}}
,"C:\\Project\\discordBot\\client\\src\\utils\\types\\router.ts": {"path":"C:\\Project\\discordBot\\client\\src\\utils\\types\\router.ts","all":true,"statementMap":{"0":{"start":{"line":1,"column":0},"end":{"line":1,"column":21}},"1":{"start":{"line":2,"column":0},"end":{"line":2,"column":15}},"2":{"start":{"line":3,"column":0},"end":{"line":3,"column":14}},"3":{"start":{"line":4,"column":0},"end":{"line":4,"column":16}},"4":{"start":{"line":5,"column":0},"end":{"line":5,"column":15}}},"s":{"0":0,"1":0,"2":0,"3":0,"4":0},"branchMap":{"0":{"type":"branch","line":1,"loc":{"start":{"line":1,"column":92},"end":{"line":6,"column":1}},"locations":[{"start":{"line":1,"column":92},"end":{"line":6,"column":1}}]}},"b":{"0":[0]},"fnMap":{"0":{"name":"(empty-report)","decl":{"start":{"line":1,"column":92},"end":{"line":6,"column":1}},"loc":{"start":{"line":1,"column":92},"end":{"line":6,"column":1}},"line":1}},"f":{"0":0}}
}
